{"logTime": "0111/172050", "correlationVector":"B2qPC+ZOiLf4TDZuVc/MWe.72","action":"GetUpdates", "result":"DeleteReceived", "context":{"id":"794d1297-e7d0-40d1-a2d6-ccb312cf5b35", "isDeleted:":"true", "version":"1732554633890"}}
{"logTime": "0111/172050", "correlationVector":"B2qPC+ZOiLf4TDZuVc/MWe.73","action":"GetUpdates", "result":"DeleteReceived", "context":{"id":"ea64232e-99a7-480a-8a28-5f0d331d86ca", "isDeleted:":"true", "version":"1732554735437"}}
{"logTime": "0111/172050", "correlationVector":"B2qPC+ZOiLf4TDZuVc/MWe.74","action":"GetUpdates", "result":"DeleteReceived", "context":{"id":"dc1fe483-6fac-4b24-a8c0-705e6fdfad27", "isDeleted:":"true", "version":"1732577574320"}}
{"logTime": "0111/172050", "correlationVector":"B2qPC+ZOiLf4TDZuVc/MWe.75","action":"GetUpdates", "result":"DeleteReceived", "context":{"id":"2e9717e6-07da-44fc-9a35-791d8dd9e90c", "isDeleted:":"true", "version":"1732577574322"}}
{"logTime": "0111/172050", "correlationVector":"B2qPC+ZOiLf4TDZuVc/MWe.76","action":"GetUpdates", "result":"DeleteReceived", "context":{"id":"007b16da-f7d7-45a2-98c4-58ea15db30cb", "isDeleted:":"true", "version":"1732578155340"}}
{"logTime": "0111/172050", "correlationVector":"B2qPC+ZOiLf4TDZuVc/MWe.77","action":"GetUpdates", "result":"DeleteReceived", "context":{"id":"823119e2-7b65-46ee-876b-87442ca9ed4b", "isDeleted:":"true", "version":"1732578535684"}}
{"logTime": "0111/172050", "correlationVector":"B2qPC+ZOiLf4TDZuVc/MWe.78","action":"GetUpdates", "result":"DeleteReceived", "context":{"id":"cc00289a-5a11-45f8-88c7-ddeda39c78b9", "isDeleted:":"true", "version":"1732579818423"}}
{"logTime": "0111/172050", "correlationVector":"B2qPC+ZOiLf4TDZuVc/MWe.79","action":"GetUpdates", "result":"DeleteReceived", "context":{"id":"34fb0205-2cbb-4d9b-ad2c-baea3c87d91e", "isDeleted:":"true", "version":"1732583357357"}}
{"logTime": "0111/172050", "correlationVector":"B2qPC+ZOiLf4TDZuVc/MWe.80","action":"GetUpdates", "result":"DeleteReceived", "context":{"id":"33ff1068-bc3f-462e-8c45-05249355f3dc", "isDeleted:":"true", "version":"1732648078496"}}
{"logTime": "0111/172050", "correlationVector":"B2qPC+ZOiLf4TDZuVc/MWe.81","action":"GetUpdates", "result":"DeleteReceived", "context":{"id":"d0ac19b6-990b-4718-a7c8-30dc3b6b45c6", "isDeleted:":"true", "version":"1732648078498"}}
{"logTime": "0111/172050", "correlationVector":"B2qPC+ZOiLf4TDZuVc/MWe.82","action":"GetUpdates", "result":"DeleteReceived", "context":{"id":"60c85bd2-8aa5-47a2-8164-92d04dfa50cc", "isDeleted:":"true", "version":"1732648078499"}}
{"logTime": "0111/172050", "correlationVector":"B2qPC+ZOiLf4TDZuVc/MWe.83","action":"GetUpdates", "result":"DeleteReceived", "context":{"id":"212bf6e6-e8da-4cdc-ba4b-3c5527d25417", "isDeleted:":"true", "version":"1732648435995"}}
{"logTime": "0111/172050", "correlationVector":"B2qPC+ZOiLf4TDZuVc/MWe.84","action":"GetUpdates", "result":"DeleteReceived", "context":{"id":"1ae72a9c-fbdc-41b8-8131-05a331e09b60", "isDeleted:":"true", "version":"1732733239607"}}
{"logTime": "0111/172050", "correlationVector":"B2qPC+ZOiLf4TDZuVc/MWe.85","action":"GetUpdates", "result":"DeleteReceived", "context":{"id":"985b8bfb-9382-4f56-8b1c-740a43d35c1c", "isDeleted:":"true", "version":"1732733239609"}}
{"logTime": "0111/172050", "correlationVector":"B2qPC+ZOiLf4TDZuVc/MWe.86","action":"GetUpdates", "result":"DeleteReceived", "context":{"id":"cbacdfb3-af1a-4766-8d63-d72c8248f232", "isDeleted:":"true", "version":"1732733239610"}}
{"logTime": "0111/172050", "correlationVector":"B2qPC+ZOiLf4TDZuVc/MWe.87","action":"GetUpdates", "result":"DeleteReceived", "context":{"id":"031b1c76-ef43-4b58-a961-97d89adb0bab", "isDeleted:":"true", "version":"1732743476803"}}
{"logTime": "0111/172050", "correlationVector":"B2qPC+ZOiLf4TDZuVc/MWe.88","action":"GetUpdates", "result":"DeleteReceived", "context":{"id":"27a60cbf-6873-4542-8321-d96b23c022af", "isDeleted:":"true", "version":"1732743476805"}}
{"logTime": "0111/172050", "correlationVector":"B2qPC+ZOiLf4TDZuVc/MWe.89","action":"GetUpdates", "result":"DeleteReceived", "context":{"id":"24426cb1-6740-44e2-8029-1e829d711a1b", "isDeleted:":"true", "version":"1732800514227"}}
{"logTime": "0111/172050", "correlationVector":"B2qPC+ZOiLf4TDZuVc/MWe.90","action":"GetUpdates", "result":"DeleteReceived", "context":{"id":"d5242d5c-9d42-4ae6-ab88-9563b3c2aed4", "isDeleted:":"true", "version":"1732800514228"}}
{"logTime": "0111/172050", "correlationVector":"B2qPC+ZOiLf4TDZuVc/MWe.91","action":"GetUpdates", "result":"DeleteReceived", "context":{"id":"3653cc0c-77fd-4d1e-838d-608d387f3f6e", "isDeleted:":"true", "version":"1732800514230"}}
{"logTime": "0111/172050", "correlationVector":"B2qPC+ZOiLf4TDZuVc/MWe.92","action":"GetUpdates", "result":"DeleteReceived", "context":{"id":"4fe2a89e-b2b2-4c2e-90dc-9dea96ed702b", "isDeleted:":"true", "version":"1732800514231"}}
{"logTime": "0111/172050", "correlationVector":"B2qPC+ZOiLf4TDZuVc/MWe.93","action":"GetUpdates", "result":"DeleteReceived", "context":{"id":"4065acfe-6fcd-4a39-9f56-3405455cb542", "isDeleted:":"true", "version":"1732807585862"}}
{"logTime": "0111/172050", "correlationVector":"B2qPC+ZOiLf4TDZuVc/MWe.94","action":"GetUpdates", "result":"DeleteReceived", "context":{"id":"c3734577-32a0-4216-9dc5-233c74ad8f1c", "isDeleted:":"true", "version":"1732807585864"}}
{"logTime": "0111/172050", "correlationVector":"B2qPC+ZOiLf4TDZuVc/MWe.95","action":"GetUpdates", "result":"DeleteReceived", "context":{"id":"19e03a16-5be4-4c15-98e4-f02d7a4e9e66", "isDeleted:":"true", "version":"1732831233150"}}
{"logTime": "0111/172050", "correlationVector":"B2qPC+ZOiLf4TDZuVc/MWe.96","action":"GetUpdates", "result":"DeleteReceived", "context":{"id":"33fffdfb-ab44-4bf2-bf8e-4b27a875eb5a", "isDeleted:":"true", "version":"1732831233152"}}
{"logTime": "0111/172050", "correlationVector":"B2qPC+ZOiLf4TDZuVc/MWe.97","action":"GetUpdates", "result":"DeleteReceived", "context":{"id":"39d23435-62a5-485b-ae8b-d2a60ead1dbe", "isDeleted:":"true", "version":"1732927052972"}}
{"logTime": "0111/172050", "correlationVector":"B2qPC+ZOiLf4TDZuVc/MWe.98","action":"GetUpdates", "result":"DeleteReceived", "context":{"id":"03d18355-9979-4c27-937d-67bb124becb8", "isDeleted:":"true", "version":"1732927052974"}}
{"logTime": "0111/172050", "correlationVector":"B2qPC+ZOiLf4TDZuVc/MWe.99","action":"GetUpdates", "result":"DeleteReceived", "context":{"id":"f4efd2ae-7f12-4e90-ba7d-0fecce0c5af4", "isDeleted:":"true", "version":"1732928298191"}}
{"logTime": "0111/172050", "correlationVector":"B2qPC+ZOiLf4TDZuVc/MWe.100","action":"GetUpdates", "result":"DeleteReceived", "context":{"id":"0c656661-8df7-4644-a3d3-05a21931e24a", "isDeleted:":"true", "version":"1732928298193"}}
{"logTime": "0111/172050", "correlationVector":"B2qPC+ZOiLf4TDZuVc/MWe.101","action":"GetUpdates", "result":"DeleteReceived", "context":{"id":"27ecbffb-5517-4526-a747-75c4cfca4ee3", "isDeleted:":"true", "version":"1732928298194"}}
{"logTime": "0111/172050", "correlationVector":"B2qPC+ZOiLf4TDZuVc/MWe.102","action":"GetUpdates", "result":"DeleteReceived", "context":{"id":"72f1f4d8-2a2d-448f-bd21-4da7f7c6eb1b", "isDeleted:":"true", "version":"1732933162017"}}
{"logTime": "0111/172050", "correlationVector":"B2qPC+ZOiLf4TDZuVc/MWe.103","action":"GetUpdates", "result":"DeleteReceived", "context":{"id":"886cfe55-9fe5-431e-9ec3-8e4c8996df48", "isDeleted:":"true", "version":"1732990102286"}}
{"logTime": "0111/172050", "correlationVector":"B2qPC+ZOiLf4TDZuVc/MWe.104","action":"GetUpdates", "result":"DeleteReceived", "context":{"id":"493c9271-35f6-4392-9ba0-a574ffd87808", "isDeleted:":"true", "version":"1732999316621"}}
{"logTime": "0111/172050", "correlationVector":"B2qPC+ZOiLf4TDZuVc/MWe.105","action":"GetUpdates", "result":"DeleteReceived", "context":{"id":"ddeff8e5-93d8-453d-8c5f-f37e4da53088", "isDeleted:":"true", "version":"1732999316623"}}
{"logTime": "0111/172050", "correlationVector":"B2qPC+ZOiLf4TDZuVc/MWe.106","action":"GetUpdates", "result":"DeleteReceived", "context":{"id":"a2465117-cbd3-44b6-a093-e7271c676356", "isDeleted:":"true", "version":"1733003473928"}}
{"logTime": "0111/172050", "correlationVector":"B2qPC+ZOiLf4TDZuVc/MWe.107","action":"GetUpdates", "result":"DeleteReceived", "context":{"id":"dabc614b-4b85-4891-b69f-ab028a313557", "isDeleted:":"true", "version":"1733008508764"}}
{"logTime": "0111/172050", "correlationVector":"B2qPC+ZOiLf4TDZuVc/MWe.108","action":"GetUpdates", "result":"DeleteReceived", "context":{"id":"e479d746-ca69-4b61-914d-85bdbc0308f6", "isDeleted:":"true", "version":"1733008508766"}}
{"logTime": "0111/172050", "correlationVector":"B2qPC+ZOiLf4TDZuVc/MWe.109","action":"GetUpdates", "result":"DeleteReceived", "context":{"id":"a99fcdb2-d0bf-47c1-a909-aa211a293cdb", "isDeleted:":"true", "version":"1733113456958"}}
{"logTime": "0111/172050", "correlationVector":"B2qPC+ZOiLf4TDZuVc/MWe.110","action":"GetUpdates", "result":"DeleteReceived", "context":{"id":"0e3f9636-04a5-43f9-aad3-728874eecd7b", "isDeleted:":"true", "version":"1733113456961"}}
{"logTime": "0111/172050", "correlationVector":"B2qPC+ZOiLf4TDZuVc/MWe.111","action":"GetUpdates", "result":"DeleteReceived", "context":{"id":"8d6f88ed-f1e7-4bb7-8d1c-69682c790569", "isDeleted:":"true", "version":"1733113515563"}}
{"logTime": "0111/172050", "correlationVector":"B2qPC+ZOiLf4TDZuVc/MWe.112","action":"GetUpdates", "result":"DeleteReceived", "context":{"id":"7f1aaf98-2828-4f2e-a320-fcb1d33dcaa3", "isDeleted:":"true", "version":"1733115531987"}}
{"logTime": "0111/172050", "correlationVector":"B2qPC+ZOiLf4TDZuVc/MWe.113","action":"GetUpdates", "result":"DeleteReceived", "context":{"id":"a8d8a481-5b91-4b8a-b62f-c0edafea7c22", "isDeleted:":"true", "version":"1733147659866"}}
{"logTime": "0111/172050", "correlationVector":"B2qPC+ZOiLf4TDZuVc/MWe.114","action":"GetUpdates", "result":"DeleteReceived", "context":{"id":"49c00d76-4047-42a9-bca0-f8f9453b9602", "isDeleted:":"true", "version":"1733147959945"}}
{"logTime": "0111/172050", "correlationVector":"B2qPC+ZOiLf4TDZuVc/MWe.115","action":"GetUpdates", "result":"DeleteReceived", "context":{"id":"62fdd2dd-2226-43fd-9732-301e98538cbd", "isDeleted:":"true", "version":"1733147959946"}}
{"logTime": "0111/172050", "correlationVector":"B2qPC+ZOiLf4TDZuVc/MWe.116","action":"GetUpdates", "result":"DeleteReceived", "context":{"id":"25dc82a1-8e64-4cbd-a4f0-7ffca143258f", "isDeleted:":"true", "version":"1733156794066"}}
{"logTime": "0111/172050", "correlationVector":"B2qPC+ZOiLf4TDZuVc/MWe.117","action":"GetUpdates", "result":"DeleteReceived", "context":{"id":"b42038c6-6740-4174-9b4f-bcba2d4fd3b9", "isDeleted:":"true", "version":"1733156794067"}}
{"logTime": "0111/172050", "correlationVector":"B2qPC+ZOiLf4TDZuVc/MWe.118","action":"GetUpdates", "result":"DeleteReceived", "context":{"id":"1afa209c-8790-48f7-a77e-44a6c185eb1d", "isDeleted:":"true", "version":"1733168622616"}}
{"logTime": "0111/172050", "correlationVector":"B2qPC+ZOiLf4TDZuVc/MWe.119","action":"GetUpdates", "result":"DeleteReceived", "context":{"id":"1811cfc9-c4d2-4d8a-8c2a-8db2103377af", "isDeleted:":"true", "version":"1733168622617"}}
{"logTime": "0111/172050", "correlationVector":"B2qPC+ZOiLf4TDZuVc/MWe.120","action":"GetUpdates", "result":"DeleteReceived", "context":{"id":"9552ba16-f530-4387-b494-90ed537b6423", "isDeleted:":"true", "version":"1733168622619"}}
{"logTime": "0111/172050", "correlationVector":"B2qPC+ZOiLf4TDZuVc/MWe.121","action":"GetUpdates", "result":"DeleteReceived", "context":{"id":"729cc322-a28d-4b65-8e23-b523dddce57e", "isDeleted:":"true", "version":"1733169653433"}}
{"logTime": "0111/172050", "correlationVector":"B2qPC+ZOiLf4TDZuVc/MWe.122","action":"GetUpdates", "result":"DeleteReceived", "context":{"id":"5d6fac4a-a271-4b55-84c5-409cca75e94a", "isDeleted:":"true", "version":"1733169664391"}}
{"logTime": "0111/172050", "correlationVector":"B2qPC+ZOiLf4TDZuVc/MWe.123","action":"GetUpdates", "result":"DeleteReceived", "context":{"id":"792dd768-4677-414c-9a7e-e6972fa100d9", "isDeleted:":"true", "version":"1733171330961"}}
{"logTime": "0111/172050", "correlationVector":"B2qPC+ZOiLf4TDZuVc/MWe.124","action":"GetUpdates", "result":"DeleteReceived", "context":{"id":"ff046d9a-263f-448b-8009-d20ba67a23eb", "isDeleted:":"true", "version":"1733171330962"}}
{"logTime": "0111/172050", "correlationVector":"B2qPC+ZOiLf4TDZuVc/MWe.125","action":"GetUpdates", "result":"DeleteReceived", "context":{"id":"2b4a8394-c750-409a-91fe-31cb6ba1e970", "isDeleted:":"true", "version":"1733177182729"}}
{"logTime": "0111/172050", "correlationVector":"B2qPC+ZOiLf4TDZuVc/MWe.126","action":"GetUpdates", "result":"DeleteReceived", "context":{"id":"6c9a0289-742f-446d-9183-56cd2c0f3e63", "isDeleted:":"true", "version":"1733177182731"}}
{"logTime": "0111/172050", "correlationVector":"B2qPC+ZOiLf4TDZuVc/MWe.127","action":"GetUpdates", "result":"DeleteReceived", "context":{"id":"c350d3ee-cb9e-4b05-833e-29f9a3afc682", "isDeleted:":"true", "version":"1733177182732"}}
{"logTime": "0111/172050", "correlationVector":"B2qPC+ZOiLf4TDZuVc/MWe.128","action":"GetUpdates", "result":"DeleteReceived", "context":{"id":"5c84513d-ac02-4ffd-9772-ca6c59e25f00", "isDeleted:":"true", "version":"1733177182733"}}
{"logTime": "0111/172050", "correlationVector":"B2qPC+ZOiLf4TDZuVc/MWe.129","action":"GetUpdates", "result":"DeleteReceived", "context":{"id":"c0857200-e4c5-4646-9a39-a894a9318443", "isDeleted:":"true", "version":"1733177182734"}}
{"logTime": "0111/172050", "correlationVector":"B2qPC+ZOiLf4TDZuVc/MWe.130","action":"GetUpdates", "result":"DeleteReceived", "context":{"id":"53619b45-d596-4369-9101-f371bb3ad9f5", "isDeleted:":"true", "version":"1733177834910"}}
{"logTime": "0111/172050", "correlationVector":"B2qPC+ZOiLf4TDZuVc/MWe.131","action":"GetUpdates", "result":"DeleteReceived", "context":{"id":"cab3f939-8350-46f3-9c97-e9e3176f3c74", "isDeleted:":"true", "version":"1733178964352"}}
{"logTime": "0111/172050", "correlationVector":"B2qPC+ZOiLf4TDZuVc/MWe.132","action":"GetUpdates", "result":"DeleteReceived", "context":{"id":"748b9006-ed64-4743-a8e6-8aa1260cc3b2", "isDeleted:":"true", "version":"1733178964353"}}
{"logTime": "0111/172050", "correlationVector":"B2qPC+ZOiLf4TDZuVc/MWe.133","action":"GetUpdates", "result":"DeleteReceived", "context":{"id":"211c7095-ef23-44ba-aec9-e15bb4d71331", "isDeleted:":"true", "version":"1733178964354"}}
{"logTime": "0111/172050", "correlationVector":"B2qPC+ZOiLf4TDZuVc/MWe.134","action":"GetUpdates", "result":"DeleteReceived", "context":{"id":"8fa643f1-9ad6-49c2-a015-9991bf005294", "isDeleted:":"true", "version":"1733178964355"}}
{"logTime": "0111/172050", "correlationVector":"B2qPC+ZOiLf4TDZuVc/MWe.135","action":"GetUpdates", "result":"DeleteReceived", "context":{"id":"e65c06ba-4612-4413-a5e0-a582c4fe416b", "isDeleted:":"true", "version":"1733178964356"}}
{"logTime": "0111/172050", "correlationVector":"B2qPC+ZOiLf4TDZuVc/MWe.136","action":"GetUpdates", "result":"DeleteReceived", "context":{"id":"ef9a9a0b-e483-4902-a4d5-21c3ca2bff8b", "isDeleted:":"true", "version":"1733178964357"}}
{"logTime": "0111/172050", "correlationVector":"B2qPC+ZOiLf4TDZuVc/MWe.137","action":"GetUpdates", "result":"DeleteReceived", "context":{"id":"c73094ba-9eef-4e85-8245-4f890bd4daa1", "isDeleted:":"true", "version":"1733194991886"}}
{"logTime": "0111/172050", "correlationVector":"B2qPC+ZOiLf4TDZuVc/MWe.138","action":"GetUpdates", "result":"DeleteReceived", "context":{"id":"2143ad3a-77a3-4f4e-94f5-1482db87c246", "isDeleted:":"true", "version":"1733196066404"}}
{"logTime": "0111/172050", "correlationVector":"B2qPC+ZOiLf4TDZuVc/MWe.139","action":"GetUpdates", "result":"DeleteReceived", "context":{"id":"50968913-3e3a-4c8c-a340-ef461ea3a53d", "isDeleted:":"true", "version":"1733196066407"}}
{"logTime": "0111/172050", "correlationVector":"B2qPC+ZOiLf4TDZuVc/MWe.140","action":"GetUpdates", "result":"DeleteReceived", "context":{"id":"b155ef69-7016-4b71-b205-51d2d3f7664a", "isDeleted:":"true", "version":"1733196081401"}}
{"logTime": "0111/172050", "correlationVector":"B2qPC+ZOiLf4TDZuVc/MWe.141","action":"GetUpdates", "result":"DeleteReceived", "context":{"id":"54f53687-30c1-4dfe-bb88-8d34904a47d4", "isDeleted:":"true", "version":"1733199846044"}}
{"logTime": "0111/172050", "correlationVector":"B2qPC+ZOiLf4TDZuVc/MWe.142","action":"GetUpdates", "result":"DeleteReceived", "context":{"id":"b1c4277a-5587-435b-ad73-cd7cff7bbff9", "isDeleted:":"true", "version":"1733253121945"}}
{"logTime": "0111/172050", "correlationVector":"B2qPC+ZOiLf4TDZuVc/MWe.143","action":"GetUpdates", "result":"DeleteReceived", "context":{"id":"d2ba227f-bb9c-4543-b368-800ccdf9d296", "isDeleted:":"true", "version":"1733253121947"}}
{"logTime": "0111/172050", "correlationVector":"B2qPC+ZOiLf4TDZuVc/MWe.144","action":"GetUpdates", "result":"DeleteReceived", "context":{"id":"e44febb1-5557-4eb6-a0c4-c2fc0825f75b", "isDeleted:":"true", "version":"1733253121948"}}
{"logTime": "0111/172050", "correlationVector":"B2qPC+ZOiLf4TDZuVc/MWe.145","action":"GetUpdates", "result":"DeleteReceived", "context":{"id":"c2cac237-d5c0-4158-b0a2-2fe189a96972", "isDeleted:":"true", "version":"1733253121949"}}
{"logTime": "0111/172050", "correlationVector":"B2qPC+ZOiLf4TDZuVc/MWe.146","action":"GetUpdates", "result":"DeleteReceived", "context":{"id":"5c101993-1e0e-4c8c-bc89-494bf833c0ee", "isDeleted:":"true", "version":"1733253121950"}}
{"logTime": "0111/172050", "correlationVector":"B2qPC+ZOiLf4TDZuVc/MWe.147","action":"GetUpdates", "result":"DeleteReceived", "context":{"id":"8e3f1a80-2e15-4942-96ad-554d8d9d2e16", "isDeleted:":"true", "version":"1733253495396"}}
{"logTime": "0111/172050", "correlationVector":"B2qPC+ZOiLf4TDZuVc/MWe.148","action":"GetUpdates", "result":"DeleteReceived", "context":{"id":"853c1e0b-9e55-4514-ad1f-a261d2c02f5f", "isDeleted:":"true", "version":"1733261543916"}}
{"logTime": "0111/172050", "correlationVector":"B2qPC+ZOiLf4TDZuVc/MWe.149","action":"GetUpdates", "result":"DeleteReceived", "context":{"id":"3a941caa-90a4-4193-8f72-8db1d85cee48", "isDeleted:":"true", "version":"1733261543917"}}
{"logTime": "0111/172050", "correlationVector":"B2qPC+ZOiLf4TDZuVc/MWe.150","action":"GetUpdates", "result":"DeleteReceived", "context":{"id":"4c025ed9-e691-43f6-8d3a-86c276dd09b0", "isDeleted:":"true", "version":"1733261543918"}}
{"logTime": "0111/172050", "correlationVector":"B2qPC+ZOiLf4TDZuVc/MWe.151","action":"GetUpdates", "result":"DeleteReceived", "context":{"id":"ee2f19c4-641b-440e-9f5a-d2e936140e62", "isDeleted:":"true", "version":"1733261543919"}}
{"logTime": "0111/172050", "correlationVector":"B2qPC+ZOiLf4TDZuVc/MWe.152","action":"GetUpdates", "result":"DeleteReceived", "context":{"id":"8977e583-e622-4fa5-9e03-8efe46bff195", "isDeleted:":"true", "version":"1733261543921"}}
{"logTime": "0111/172050", "correlationVector":"B2qPC+ZOiLf4TDZuVc/MWe.153","action":"GetUpdates", "result":"DeleteReceived", "context":{"id":"b1413a24-c583-44c9-8bc0-f88305d52e72", "isDeleted:":"true", "version":"1733261543922"}}
{"logTime": "0111/172050", "correlationVector":"B2qPC+ZOiLf4TDZuVc/MWe.154","action":"GetUpdates", "result":"DeleteReceived", "context":{"id":"60bf8702-3c6a-4191-8595-7832ef10f052", "isDeleted:":"true", "version":"1733261543923"}}
{"logTime": "0111/172050", "correlationVector":"B2qPC+ZOiLf4TDZuVc/MWe.155","action":"GetUpdates", "result":"DeleteReceived", "context":{"id":"244eb4d6-c146-452e-839f-e4ccf0e150f3", "isDeleted:":"true", "version":"1733261543924"}}
{"logTime": "0111/172050", "correlationVector":"B2qPC+ZOiLf4TDZuVc/MWe.156","action":"GetUpdates", "result":"DeleteReceived", "context":{"id":"3fdc3888-352e-4d4f-8e3c-068546e73db3", "isDeleted:":"true", "version":"1733261543925"}}
{"logTime": "0111/172050", "correlationVector":"B2qPC+ZOiLf4TDZuVc/MWe.157","action":"GetUpdates", "result":"DeleteReceived", "context":{"id":"a29a45ba-2603-4775-bbb6-8eebbda61ace", "isDeleted:":"true", "version":"1733266545901"}}
{"logTime": "0111/172050", "correlationVector":"B2qPC+ZOiLf4TDZuVc/MWe.158","action":"GetUpdates", "result":"DeleteReceived", "context":{"id":"b663eb4b-0788-45bb-bdb8-90fafaa05a9d", "isDeleted:":"true", "version":"1733267695652"}}
{"logTime": "0111/172050", "correlationVector":"B2qPC+ZOiLf4TDZuVc/MWe.159","action":"GetUpdates", "result":"DeleteReceived", "context":{"id":"e8348ba7-54fc-459c-80b3-9354eb300e68", "isDeleted:":"true", "version":"1733328989912"}}
{"logTime": "0111/172050", "correlationVector":"B2qPC+ZOiLf4TDZuVc/MWe.160","action":"GetUpdates", "result":"DeleteReceived", "context":{"id":"17fdb87e-5ef6-4d36-b23c-5016a084458d", "isDeleted:":"true", "version":"1733343073631"}}
{"logTime": "0111/172050", "correlationVector":"B2qPC+ZOiLf4TDZuVc/MWe.161","action":"GetUpdates", "result":"DeleteReceived", "context":{"id":"c930f1c5-40ec-415b-b71f-d3e3f8ca5186", "isDeleted:":"true", "version":"1733345846712"}}
{"logTime": "0111/172050", "correlationVector":"B2qPC+ZOiLf4TDZuVc/MWe.162","action":"GetUpdates", "result":"DeleteReceived", "context":{"id":"5eb5e719-3cc0-45f1-98b9-53d3235667c6", "isDeleted:":"true", "version":"1733346152413"}}
{"logTime": "0111/172050", "correlationVector":"B2qPC+ZOiLf4TDZuVc/MWe.163","action":"GetUpdates", "result":"DeleteReceived", "context":{"id":"d23fee75-ce74-45f8-abc9-115218191b48", "isDeleted:":"true", "version":"1733417729404"}}
{"logTime": "0111/172050", "correlationVector":"B2qPC+ZOiLf4TDZuVc/MWe.164","action":"GetUpdates", "result":"DeleteReceived", "context":{"id":"1fec414e-2bd3-4864-8285-09160fa3e5a8", "isDeleted:":"true", "version":"1733417729406"}}
{"logTime": "0111/172050", "correlationVector":"B2qPC+ZOiLf4TDZuVc/MWe.165","action":"GetUpdates", "result":"DeleteReceived", "context":{"id":"b11927a6-fda0-4dfe-a772-e1f5c84422e4", "isDeleted:":"true", "version":"1733417729407"}}
{"logTime": "0111/172050", "correlationVector":"B2qPC+ZOiLf4TDZuVc/MWe.166","action":"GetUpdates", "result":"DeleteReceived", "context":{"id":"9ac52d9a-62d7-42d1-b76d-e305a1959a9f", "isDeleted:":"true", "version":"1733417729408"}}
{"logTime": "0111/172050", "correlationVector":"B2qPC+ZOiLf4TDZuVc/MWe.167","action":"GetUpdates", "result":"DeleteReceived", "context":{"id":"cc509715-bfce-499e-899e-8eb5a030e07a", "isDeleted:":"true", "version":"1733428578950"}}
{"logTime": "0111/172050", "correlationVector":"B2qPC+ZOiLf4TDZuVc/MWe.168","action":"GetUpdates", "result":"DeleteReceived", "context":{"id":"4746f9fc-e390-436d-8e01-2ffbebca9299", "isDeleted:":"true", "version":"1733428578952"}}
{"logTime": "0111/172050", "correlationVector":"B2qPC+ZOiLf4TDZuVc/MWe.169","action":"GetUpdates", "result":"DeleteReceived", "context":{"id":"ec1b9f2f-b7bd-40da-9f38-cf4fc3f52e51", "isDeleted:":"true", "version":"1733428578953"}}
{"logTime": "0111/172050", "correlationVector":"B2qPC+ZOiLf4TDZuVc/MWe.170","action":"GetUpdates", "result":"DeleteReceived", "context":{"id":"1d67f5b9-e713-49c9-883b-310b42c34b3f", "isDeleted:":"true", "version":"1733428578954"}}
{"logTime": "0111/172050", "correlationVector":"B2qPC+ZOiLf4TDZuVc/MWe.171","action":"GetUpdates", "result":"DeleteReceived", "context":{"id":"255af307-13d9-4fdd-8b52-4faccb6999d2", "isDeleted:":"true", "version":"1733434468949"}}
{"logTime": "0111/172050", "correlationVector":"B2qPC+ZOiLf4TDZuVc/MWe.172","action":"GetUpdates", "result":"DeleteReceived", "context":{"id":"f232793e-b260-4888-a6f2-ee0483bd3cc2", "isDeleted:":"true", "version":"1733444256108"}}
{"logTime": "0111/172050", "correlationVector":"B2qPC+ZOiLf4TDZuVc/MWe.173","action":"GetUpdates", "result":"DeleteReceived", "context":{"id":"29461b48-dc4c-4981-9ee8-7ba97db42cad", "isDeleted:":"true", "version":"1733444256110"}}
{"logTime": "0111/172050", "correlationVector":"B2qPC+ZOiLf4TDZuVc/MWe.174","action":"GetUpdates", "result":"DeleteReceived", "context":{"id":"afd6b3df-e00f-40ed-8318-1f010184d6e9", "isDeleted:":"true", "version":"1733444256111"}}
{"logTime": "0111/172050", "correlationVector":"B2qPC+ZOiLf4TDZuVc/MWe.175","action":"GetUpdates", "result":"DeleteReceived", "context":{"id":"39030526-65fd-4339-9048-dd6901393d6d", "isDeleted:":"true", "version":"1733444256112"}}
{"logTime": "0111/172050", "correlationVector":"B2qPC+ZOiLf4TDZuVc/MWe.176","action":"GetUpdates", "result":"DeleteReceived", "context":{"id":"b59ef5c0-d2fe-451d-8eca-df54dd7b657f", "isDeleted:":"true", "version":"1733444256113"}}
{"logTime": "0111/172050", "correlationVector":"B2qPC+ZOiLf4TDZuVc/MWe.177","action":"GetUpdates", "result":"DeleteReceived", "context":{"id":"c8b0e142-b3b8-40da-b261-b699bba76bd6", "isDeleted:":"true", "version":"1733450333032"}}
{"logTime": "0111/172050", "correlationVector":"B2qPC+ZOiLf4TDZuVc/MWe.178","action":"GetUpdates", "result":"DeleteReceived", "context":{"id":"222bdbef-fab0-4c87-ba94-0a5ea38e7dc5", "isDeleted:":"true", "version":"1733498993884"}}
{"logTime": "0111/172050", "correlationVector":"B2qPC+ZOiLf4TDZuVc/MWe.179","action":"GetUpdates", "result":"DeleteReceived", "context":{"id":"67a093b3-b0aa-4a2e-9e2f-2d24fdb9fa9a", "isDeleted:":"true", "version":"1733498993886"}}
{"logTime": "0111/172050", "correlationVector":"B2qPC+ZOiLf4TDZuVc/MWe.180","action":"GetUpdates", "result":"DeleteReceived", "context":{"id":"d3545d80-2ae4-4419-8267-308d5f566e93", "isDeleted:":"true", "version":"1733498993887"}}
{"logTime": "0111/172050", "correlationVector":"B2qPC+ZOiLf4TDZuVc/MWe.181","action":"GetUpdates", "result":"DeleteReceived", "context":{"id":"566502eb-d264-4fa8-b091-79c50c876274", "isDeleted:":"true", "version":"1733506063832"}}
{"logTime": "0111/172050", "correlationVector":"B2qPC+ZOiLf4TDZuVc/MWe.182","action":"GetUpdates", "result":"DeleteReceived", "context":{"id":"26558646-785e-4c5d-a846-ee583ac7f956", "isDeleted:":"true", "version":"1733514501964"}}
{"logTime": "0111/172050", "correlationVector":"B2qPC+ZOiLf4TDZuVc/MWe.183","action":"GetUpdates", "result":"DeleteReceived", "context":{"id":"63ff8297-96e0-4925-895c-cbe65734f563", "isDeleted:":"true", "version":"1733514501965"}}
{"logTime": "0111/172050", "correlationVector":"B2qPC+ZOiLf4TDZuVc/MWe.184","action":"GetUpdates", "result":"DeleteReceived", "context":{"id":"6d62ac19-df43-42e3-8f55-84a87b5f0d18", "isDeleted:":"true", "version":"1733520633995"}}
{"logTime": "0111/172050", "correlationVector":"B2qPC+ZOiLf4TDZuVc/MWe.185","action":"GetUpdates", "result":"DeleteReceived", "context":{"id":"1ced5f92-9333-47a9-bfec-2ee61ca1e4d4", "isDeleted:":"true", "version":"1733533109586"}}
{"logTime": "0111/172050", "correlationVector":"B2qPC+ZOiLf4TDZuVc/MWe.186","action":"GetUpdates", "result":"DeleteReceived", "context":{"id":"10964f74-28ba-46c0-afc0-bb940da726e8", "isDeleted:":"true", "version":"1733534040228"}}
{"logTime": "0111/172050", "correlationVector":"B2qPC+ZOiLf4TDZuVc/MWe.187","action":"GetUpdates", "result":"DeleteReceived", "context":{"id":"9b60746c-bb34-4da0-81ad-76ab8159a6fb", "isDeleted:":"true", "version":"1733534040229"}}
{"logTime": "0111/172050", "correlationVector":"B2qPC+ZOiLf4TDZuVc/MWe.188","action":"GetUpdates", "result":"DeleteReceived", "context":{"id":"ccd1f706-5097-4f33-a8af-3099c663f019", "isDeleted:":"true", "version":"1733534040231"}}
{"logTime": "0111/172050", "correlationVector":"B2qPC+ZOiLf4TDZuVc/MWe.189","action":"GetUpdates", "result":"DeleteReceived", "context":{"id":"940a42aa-a0fd-46ed-b183-d9b8f6983d99", "isDeleted:":"true", "version":"1733534040233"}}
{"logTime": "0111/172050", "correlationVector":"B2qPC+ZOiLf4TDZuVc/MWe.190","action":"GetUpdates", "result":"DeleteReceived", "context":{"id":"dacf6b7f-aa42-4432-9c4e-4ca82183660a", "isDeleted:":"true", "version":"1733534040234"}}
{"logTime": "0111/172050", "correlationVector":"B2qPC+ZOiLf4TDZuVc/MWe.191","action":"GetUpdates", "result":"DeleteReceived", "context":{"id":"be479b7f-229a-48a6-abda-a85ba9cadf77", "isDeleted:":"true", "version":"1733534040235"}}
{"logTime": "0111/172050", "correlationVector":"B2qPC+ZOiLf4TDZuVc/MWe.192","action":"GetUpdates", "result":"DeleteReceived", "context":{"id":"5d4adf09-6c21-4a43-8131-79c84cc9d036", "isDeleted:":"true", "version":"1733536328047"}}
{"logTime": "0111/172050", "correlationVector":"B2qPC+ZOiLf4TDZuVc/MWe.193","action":"GetUpdates", "result":"DeleteReceived", "context":{"id":"327ca67c-55dd-4e39-b7ed-328d57094a1a", "isDeleted:":"true", "version":"1733536328048"}}
{"logTime": "0111/172050", "correlationVector":"B2qPC+ZOiLf4TDZuVc/MWe.194","action":"GetUpdates", "result":"DeleteReceived", "context":{"id":"1cc9eee1-a9c2-4b92-8a15-112b3987c9f2", "isDeleted:":"true", "version":"1733536328050"}}
{"logTime": "0111/172050", "correlationVector":"B2qPC+ZOiLf4TDZuVc/MWe.195","action":"GetUpdates", "result":"DeleteReceived", "context":{"id":"5af40457-58e3-4929-bbc0-d22bca16a5e2", "isDeleted:":"true", "version":"1733539300601"}}
{"logTime": "0111/172050", "correlationVector":"B2qPC+ZOiLf4TDZuVc/MWe.196","action":"GetUpdates", "result":"DeleteReceived", "context":{"id":"976eca25-7914-4c9a-b581-3b7c517e1dc8", "isDeleted:":"true", "version":"1733539300603"}}
{"logTime": "0111/172050", "correlationVector":"B2qPC+ZOiLf4TDZuVc/MWe.197","action":"GetUpdates", "result":"DeleteReceived", "context":{"id":"1b0450d8-fcf0-4017-adf1-06cd1fccdc67", "isDeleted:":"true", "version":"1733539300604"}}
{"logTime": "0111/172050", "correlationVector":"B2qPC+ZOiLf4TDZuVc/MWe.198","action":"GetUpdates", "result":"DeleteReceived", "context":{"id":"396c9303-2458-4f0d-8f0a-0c2667d0eebe", "isDeleted:":"true", "version":"1733539300605"}}
{"logTime": "0111/172050", "correlationVector":"B2qPC+ZOiLf4TDZuVc/MWe.199","action":"GetUpdates", "result":"DeleteReceived", "context":{"id":"d0dc893c-545b-4ef5-82ce-5e23dd55795b", "isDeleted:":"true", "version":"1733539300606"}}
{"logTime": "0111/172050", "correlationVector":"B2qPC+ZOiLf4TDZuVc/MWe.200","action":"GetUpdates", "result":"DeleteReceived", "context":{"id":"6fcb9e1e-8922-4a92-998c-dfee57d5f50e", "isDeleted:":"true", "version":"1733539721085"}}
{"logTime": "0111/172050", "correlationVector":"B2qPC+ZOiLf4TDZuVc/MWe.201","action":"GetUpdates", "result":"DeleteReceived", "context":{"id":"9d3734c4-112a-4986-83ac-d704bfd46b4d", "isDeleted:":"true", "version":"1733540054704"}}
{"logTime": "0111/172050", "correlationVector":"B2qPC+ZOiLf4TDZuVc/MWe.202","action":"GetUpdates", "result":"DeleteReceived", "context":{"id":"ab61c54d-0b90-4731-b9e5-018b69944753", "isDeleted:":"true", "version":"1733597279428"}}
{"logTime": "0111/172050", "correlationVector":"B2qPC+ZOiLf4TDZuVc/MWe.203","action":"GetUpdates", "result":"DeleteReceived", "context":{"id":"3e4c559f-a042-49f1-8773-0136a493c6c3", "isDeleted:":"true", "version":"1733597279429"}}
{"logTime": "0111/172050", "correlationVector":"B2qPC+ZOiLf4TDZuVc/MWe.204","action":"GetUpdates", "result":"DeleteReceived", "context":{"id":"7bddee93-7b2d-4705-99ca-3edf6225bee5", "isDeleted:":"true", "version":"1733597279430"}}
{"logTime": "0111/172050", "correlationVector":"B2qPC+ZOiLf4TDZuVc/MWe.205","action":"GetUpdates", "result":"DeleteReceived", "context":{"id":"4f7024dc-02bc-4353-a138-5803f855cf75", "isDeleted:":"true", "version":"1733597279431"}}
{"logTime": "0111/172050", "correlationVector":"B2qPC+ZOiLf4TDZuVc/MWe.206","action":"GetUpdates", "result":"DeleteReceived", "context":{"id":"e08e14d5-60f5-42e9-86f9-a364cc2c0b0c", "isDeleted:":"true", "version":"1733615875178"}}
{"logTime": "0111/172050", "correlationVector":"B2qPC+ZOiLf4TDZuVc/MWe.207","action":"GetUpdates", "result":"DeleteReceived", "context":{"id":"5cd864c8-42d6-4d3a-bee7-6f01ff12fb2b", "isDeleted:":"true", "version":"1733615875180"}}
{"logTime": "0111/172050", "correlationVector":"B2qPC+ZOiLf4TDZuVc/MWe.208","action":"GetUpdates", "result":"DeleteReceived", "context":{"id":"c6ee06f8-8a60-4d2a-a5c6-3b52a2b01d5b", "isDeleted:":"true", "version":"1733674304822"}}
{"logTime": "0111/172050", "correlationVector":"B2qPC+ZOiLf4TDZuVc/MWe.209","action":"GetUpdates", "result":"DeleteReceived", "context":{"id":"583cf391-0bb0-42cd-aff8-ea2a19cb5043", "isDeleted:":"true", "version":"1733773848665"}}
{"logTime": "0111/172050", "correlationVector":"B2qPC+ZOiLf4TDZuVc/MWe.210","action":"GetUpdates", "result":"DeleteReceived", "context":{"id":"51124955-dff3-482c-ae8d-05a00075e72d", "isDeleted:":"true", "version":"1733773848667"}}
{"logTime": "0111/172050", "correlationVector":"B2qPC+ZOiLf4TDZuVc/MWe.211","action":"GetUpdates", "result":"DeleteReceived", "context":{"id":"7d023bd0-cdc8-4004-84c5-71af03f4ab0e", "isDeleted:":"true", "version":"1733782294730"}}
{"logTime": "0111/172050", "correlationVector":"B2qPC+ZOiLf4TDZuVc/MWe.212","action":"GetUpdates", "result":"DeleteReceived", "context":{"id":"ef381b1e-f627-4d87-a22d-58b872c18db8", "isDeleted:":"true", "version":"1733785920864"}}
{"logTime": "0111/172050", "correlationVector":"B2qPC+ZOiLf4TDZuVc/MWe.213","action":"GetUpdates", "result":"DeleteReceived", "context":{"id":"a0284424-69b8-40d8-a913-94e52a9b6e1e", "isDeleted:":"true", "version":"1733785920867"}}
{"logTime": "0111/172050", "correlationVector":"B2qPC+ZOiLf4TDZuVc/MWe.214","action":"GetUpdates", "result":"DeleteReceived", "context":{"id":"09c2ee76-07a9-4e03-a2e4-72a5afd6a8c3", "isDeleted:":"true", "version":"1733789606914"}}
{"logTime": "0111/172050", "correlationVector":"B2qPC+ZOiLf4TDZuVc/MWe.215","action":"GetUpdates", "result":"DeleteReceived", "context":{"id":"f1b4d94d-8879-4add-8fea-a6b830907081", "isDeleted:":"true", "version":"1733789666332"}}
{"logTime": "0111/172050", "correlationVector":"B2qPC+ZOiLf4TDZuVc/MWe.216","action":"GetUpdates", "result":"DeleteReceived", "context":{"id":"81d9c877-96d1-4cb3-93c2-8bf9caa4176a", "isDeleted:":"true", "version":"1733796100160"}}
{"logTime": "0111/172050", "correlationVector":"B2qPC+ZOiLf4TDZuVc/MWe.217","action":"GetUpdates", "result":"DeleteReceived", "context":{"id":"2d3afc1d-5ceb-4732-93a1-090771cacbce", "isDeleted:":"true", "version":"1733802402600"}}
{"logTime": "0111/172050", "correlationVector":"B2qPC+ZOiLf4TDZuVc/MWe.218","action":"GetUpdates", "result":"DeleteReceived", "context":{"id":"ab40b819-a97c-426c-92b9-d473397a36c7", "isDeleted:":"true", "version":"1733802402602"}}
{"logTime": "0111/172050", "correlationVector":"B2qPC+ZOiLf4TDZuVc/MWe.219","action":"GetUpdates", "result":"DeleteReceived", "context":{"id":"965d35c1-8b65-4f7c-9ff2-81157c476a43", "isDeleted:":"true", "version":"1733802402607"}}
{"logTime": "0111/172050", "correlationVector":"B2qPC+ZOiLf4TDZuVc/MWe.220","action":"GetUpdates", "result":"DeleteReceived", "context":{"id":"00672bf3-e21b-4dcc-9fb8-266c6d89ed9c", "isDeleted:":"true", "version":"1733802402610"}}
{"logTime": "0111/172050", "correlationVector":"B2qPC+ZOiLf4TDZuVc/MWe.221","action":"GetUpdates", "result":"DeleteReceived", "context":{"id":"fc4784b6-1700-4828-a743-40089f6a0ae4", "isDeleted:":"true", "version":"1733804747289"}}
{"logTime": "0111/172050", "correlationVector":"B2qPC+ZOiLf4TDZuVc/MWe.222","action":"GetUpdates", "result":"DeleteReceived", "context":{"id":"608c4863-6af5-48ad-a04b-80da64f67579", "isDeleted:":"true", "version":"1733804747291"}}
{"logTime": "0111/172050", "correlationVector":"B2qPC+ZOiLf4TDZuVc/MWe.223","action":"GetUpdates", "result":"DeleteReceived", "context":{"id":"1c50382e-bd64-4ba9-982b-c86ce93351b3", "isDeleted:":"true", "version":"1733846107736"}}
{"logTime": "0111/172050", "correlationVector":"B2qPC+ZOiLf4TDZuVc/MWe.224","action":"GetUpdates", "result":"DeleteReceived", "context":{"id":"417da590-bd8e-4c03-a192-83f9153ce5ca", "isDeleted:":"true", "version":"1733846107738"}}
{"logTime": "0111/172050", "correlationVector":"B2qPC+ZOiLf4TDZuVc/MWe.225","action":"GetUpdates", "result":"DeleteReceived", "context":{"id":"a3bc4d99-4c8f-4664-8aa5-89a69ccd19df", "isDeleted:":"true", "version":"1733846107740"}}
{"logTime": "0111/172050", "correlationVector":"B2qPC+ZOiLf4TDZuVc/MWe.226","action":"GetUpdates", "result":"DeleteReceived", "context":{"id":"ef67333c-77d1-468d-85b6-3a436e2e9720", "isDeleted:":"true", "version":"1733846107741"}}
{"logTime": "0111/172050", "correlationVector":"B2qPC+ZOiLf4TDZuVc/MWe.227","action":"GetUpdates", "result":"DeleteReceived", "context":{"id":"7d33d9ef-cb45-4b47-ab43-d00a6d7d7a92", "isDeleted:":"true", "version":"1733849236387"}}
{"logTime": "0111/172050", "correlationVector":"B2qPC+ZOiLf4TDZuVc/MWe.228","action":"GetUpdates", "result":"DeleteReceived", "context":{"id":"8995acbc-dcb6-4c65-b08b-6d698a2f1127", "isDeleted:":"true", "version":"1733856086925"}}
{"logTime": "0111/172050", "correlationVector":"B2qPC+ZOiLf4TDZuVc/MWe.229","action":"GetUpdates", "result":"DeleteReceived", "context":{"id":"b92583be-e4ff-4095-94ab-209eafd1c2cb", "isDeleted:":"true", "version":"1733858914500"}}
{"logTime": "0111/172050", "correlationVector":"B2qPC+ZOiLf4TDZuVc/MWe.230","action":"GetUpdates", "result":"DeleteReceived", "context":{"id":"580f3ebb-8228-453c-98fe-273da13f9833", "isDeleted:":"true", "version":"1733859398118"}}
{"logTime": "0111/172050", "correlationVector":"B2qPC+ZOiLf4TDZuVc/MWe.231","action":"GetUpdates", "result":"DeleteReceived", "context":{"id":"c15dca22-93ae-4544-afdb-0908b3ac00cd", "isDeleted:":"true", "version":"1733328994836"}}
{"logTime": "0111/172050", "correlationVector":"B2qPC+ZOiLf4TDZuVc/MWe.232","action":"GetUpdates Response", "result":"Success", "context":Received 250 update(s). cV=B2qPC+ZOiLf4TDZuVc/MWe.0;server=akswtt00300000r;cloudType=Consumer;environment=Prod_canadacentral_prod-s01-021-nam-canadacentral;migrationStage=NotStarted Some updates remain.}
{"logTime": "0111/172050", "correlationVector":"AGiwKS+IWdD1s+IAFAiLqA","action":"Initial GetUpdates", "result":"", "context":Reason: NEWLY_SUPPORTED_DATATYPE. cV=AGiwKS+IWdD1s+IAFAiLqA}
{"logTime": "0111/172050", "correlationVector":"AGiwKS+IWdD1s+IAFAiLqA.1","action":"SyncServerConnectionManagerRequest", "result":"SYNC_SERVER_OK", "context":{"environment":"Prod_canadacentral_prod-s01-021-nam-canadacentral", "migrationStage":"NotStarted", "server":"akswtt00300000b"}}
{"logTime": "0111/172050", "correlationVector":"AGiwKS+IWdD1s+IAFAiLqA.2","action":"GetUpdates", "result":"DeleteReceived", "context":{"id":"303b3917-804f-470f-8836-264c77cc5267", "isDeleted:":"true", "version":"1733863177883"}}
{"logTime": "0111/172050", "correlationVector":"AGiwKS+IWdD1s+IAFAiLqA.3","action":"GetUpdates", "result":"DeleteReceived", "context":{"id":"ec22b7f2-bad8-4c62-8a0a-d2740651291c", "isDeleted:":"true", "version":"1733864155291"}}
{"logTime": "0111/172050", "correlationVector":"AGiwKS+IWdD1s+IAFAiLqA.4","action":"GetUpdates", "result":"DeleteReceived", "context":{"id":"497a4eb2-943b-4327-9135-674b2d6f3180", "isDeleted:":"true", "version":"1733864155294"}}
{"logTime": "0111/172050", "correlationVector":"AGiwKS+IWdD1s+IAFAiLqA.5","action":"GetUpdates", "result":"DeleteReceived", "context":{"id":"45dbf975-6563-417f-87cc-6779284e9ddd", "isDeleted:":"true", "version":"1733864155295"}}
{"logTime": "0111/172050", "correlationVector":"AGiwKS+IWdD1s+IAFAiLqA.6","action":"GetUpdates", "result":"DeleteReceived", "context":{"id":"2ba47b6a-ee2b-4367-a89a-96b2c537574e", "isDeleted:":"true", "version":"1733864163103"}}
{"logTime": "0111/172050", "correlationVector":"AGiwKS+IWdD1s+IAFAiLqA.7","action":"GetUpdates", "result":"DeleteReceived", "context":{"id":"dc178fdd-0f2c-4358-adf0-9ce34889114d", "isDeleted:":"true", "version":"1734020239006"}}
{"logTime": "0111/172050", "correlationVector":"AGiwKS+IWdD1s+IAFAiLqA.8","action":"GetUpdates", "result":"DeleteReceived", "context":{"id":"6623d24c-fb3e-42e1-9557-9b1f6e7277b2", "isDeleted:":"true", "version":"1734020239007"}}
{"logTime": "0111/172050", "correlationVector":"AGiwKS+IWdD1s+IAFAiLqA.9","action":"GetUpdates", "result":"DeleteReceived", "context":{"id":"370cdbef-201a-40a9-afff-5d627b4fdc62", "isDeleted:":"true", "version":"1734020239008"}}
{"logTime": "0111/172050", "correlationVector":"AGiwKS+IWdD1s+IAFAiLqA.10","action":"GetUpdates", "result":"DeleteReceived", "context":{"id":"8b7be42a-c437-4645-96e9-202799b7dd4d", "isDeleted:":"true", "version":"1734020239009"}}
{"logTime": "0111/172050", "correlationVector":"AGiwKS+IWdD1s+IAFAiLqA.11","action":"GetUpdates", "result":"DeleteReceived", "context":{"id":"011a9f29-24aa-4603-9793-fc34b5fcfd94", "isDeleted:":"true", "version":"1734020239011"}}
{"logTime": "0111/172050", "correlationVector":"AGiwKS+IWdD1s+IAFAiLqA.12","action":"GetUpdates", "result":"DeleteReceived", "context":{"id":"8e87dabf-8a50-426b-8f06-30b4e595198e", "isDeleted:":"true", "version":"1734020239012"}}
{"logTime": "0111/172050", "correlationVector":"AGiwKS+IWdD1s+IAFAiLqA.13","action":"GetUpdates", "result":"DeleteReceived", "context":{"id":"fdf7d7bc-cdba-4621-bc61-f42e54e6027d", "isDeleted:":"true", "version":"1734020239013"}}
{"logTime": "0111/172050", "correlationVector":"AGiwKS+IWdD1s+IAFAiLqA.14","action":"GetUpdates", "result":"DeleteReceived", "context":{"id":"34d594de-310d-49a3-b0f5-2e2ac42818f8", "isDeleted:":"true", "version":"1734020239014"}}
{"logTime": "0111/172050", "correlationVector":"AGiwKS+IWdD1s+IAFAiLqA.15","action":"GetUpdates", "result":"DeleteReceived", "context":{"id":"30d519a3-c857-436e-b3d6-ff1aba2175c8", "isDeleted:":"true", "version":"1734020239015"}}
{"logTime": "0111/172050", "correlationVector":"AGiwKS+IWdD1s+IAFAiLqA.16","action":"GetUpdates", "result":"DeleteReceived", "context":{"id":"01df2b29-26a7-4290-a85e-d5746da28db1", "isDeleted:":"true", "version":"1734020385686"}}
{"logTime": "0111/172050", "correlationVector":"AGiwKS+IWdD1s+IAFAiLqA.17","action":"GetUpdates", "result":"DeleteReceived", "context":{"id":"465f7373-7aee-410b-8a91-a60f5f213872", "isDeleted:":"true", "version":"1734021165026"}}
{"logTime": "0111/172050", "correlationVector":"AGiwKS+IWdD1s+IAFAiLqA.18","action":"GetUpdates", "result":"DeleteReceived", "context":{"id":"066aaca5-4674-4beb-825f-1a4723e22501", "isDeleted:":"true", "version":"1734028256188"}}
{"logTime": "0111/172050", "correlationVector":"AGiwKS+IWdD1s+IAFAiLqA.19","action":"GetUpdates", "result":"DeleteReceived", "context":{"id":"8a766e67-771b-4fac-9f43-cadc212bec4f", "isDeleted:":"true", "version":"1734116572190"}}
{"logTime": "0111/172050", "correlationVector":"AGiwKS+IWdD1s+IAFAiLqA.20","action":"GetUpdates", "result":"DeleteReceived", "context":{"id":"de849ca3-803a-4979-8655-3277ca81ffa2", "isDeleted:":"true", "version":"1734116572192"}}
{"logTime": "0111/172050", "correlationVector":"AGiwKS+IWdD1s+IAFAiLqA.21","action":"GetUpdates", "result":"DeleteReceived", "context":{"id":"bd51e473-8433-4a02-887d-e7ddf97229de", "isDeleted:":"true", "version":"1734116572193"}}
{"logTime": "0111/172050", "correlationVector":"AGiwKS+IWdD1s+IAFAiLqA.22","action":"GetUpdates", "result":"DeleteReceived", "context":{"id":"0f31d6e0-b9de-41ac-9b81-19a3c9e09473", "isDeleted:":"true", "version":"1734116572194"}}
{"logTime": "0111/172050", "correlationVector":"AGiwKS+IWdD1s+IAFAiLqA.23","action":"GetUpdates", "result":"DeleteReceived", "context":{"id":"512a50c9-9bc5-4fbc-b838-5e645ccdba43", "isDeleted:":"true", "version":"1734119918628"}}
{"logTime": "0111/172050", "correlationVector":"AGiwKS+IWdD1s+IAFAiLqA.24","action":"GetUpdates", "result":"DeleteReceived", "context":{"id":"487df1b4-bdf5-43fa-b240-ddf394bbedca", "isDeleted:":"true", "version":"1734193679405"}}
{"logTime": "0111/172050", "correlationVector":"AGiwKS+IWdD1s+IAFAiLqA.25","action":"GetUpdates", "result":"DeleteReceived", "context":{"id":"369ae5eb-2275-4d87-80b5-deb3aa1e1694", "isDeleted:":"true", "version":"1734193679406"}}
{"logTime": "0111/172050", "correlationVector":"AGiwKS+IWdD1s+IAFAiLqA.26","action":"GetUpdates", "result":"DeleteReceived", "context":{"id":"dbb6b9ed-70f1-41e5-88ba-633b2110af06", "isDeleted:":"true", "version":"1734196060419"}}
{"logTime": "0111/172050", "correlationVector":"AGiwKS+IWdD1s+IAFAiLqA.27","action":"GetUpdates", "result":"DeleteReceived", "context":{"id":"b10ad80b-3bbd-44ae-ace8-82172303a10c", "isDeleted:":"true", "version":"1734199239416"}}
{"logTime": "0111/172050", "correlationVector":"AGiwKS+IWdD1s+IAFAiLqA.28","action":"GetUpdates", "result":"DeleteReceived", "context":{"id":"40d92544-3058-4ce8-a23f-b0e7bdb83989", "isDeleted:":"true", "version":"1734199239419"}}
{"logTime": "0111/172050", "correlationVector":"AGiwKS+IWdD1s+IAFAiLqA.29","action":"GetUpdates", "result":"DeleteReceived", "context":{"id":"e8beeafc-bdcd-4d79-a093-f1a9a567a5d4", "isDeleted:":"true", "version":"1734199398688"}}
{"logTime": "0111/172050", "correlationVector":"AGiwKS+IWdD1s+IAFAiLqA.30","action":"GetUpdates", "result":"DeleteReceived", "context":{"id":"8bf1bdf7-2c1e-47c0-b0fa-aff5b542ab56", "isDeleted:":"true", "version":"1734291315640"}}
{"logTime": "0111/172050", "correlationVector":"AGiwKS+IWdD1s+IAFAiLqA.31","action":"GetUpdates", "result":"DeleteReceived", "context":{"id":"e0050f62-c8db-4cd2-b74b-c4cc1831f56c", "isDeleted:":"true", "version":"1734291315641"}}
{"logTime": "0111/172050", "correlationVector":"AGiwKS+IWdD1s+IAFAiLqA.32","action":"GetUpdates", "result":"DeleteReceived", "context":{"id":"818e8773-ae94-45a7-9182-356d04b535f4", "isDeleted:":"true", "version":"1734301844665"}}
{"logTime": "0111/172050", "correlationVector":"AGiwKS+IWdD1s+IAFAiLqA.33","action":"GetUpdates", "result":"DeleteReceived", "context":{"id":"1497f499-f4bc-40fa-91a5-3ecd782a1993", "isDeleted:":"true", "version":"1734364209809"}}
{"logTime": "0111/172050", "correlationVector":"AGiwKS+IWdD1s+IAFAiLqA.34","action":"GetUpdates", "result":"DeleteReceived", "context":{"id":"8ed83693-9380-4561-8bf2-d4ab3449a637", "isDeleted:":"true", "version":"1734364209810"}}
{"logTime": "0111/172050", "correlationVector":"AGiwKS+IWdD1s+IAFAiLqA.35","action":"GetUpdates", "result":"DeleteReceived", "context":{"id":"20a547e7-c4f9-4742-9b9d-a2ce203aecd0", "isDeleted:":"true", "version":"1734364209812"}}
{"logTime": "0111/172050", "correlationVector":"AGiwKS+IWdD1s+IAFAiLqA.36","action":"GetUpdates", "result":"DeleteReceived", "context":{"id":"f645bcc2-65ad-42ff-b470-5e116f4a6e96", "isDeleted:":"true", "version":"1734364209813"}}
{"logTime": "0111/172050", "correlationVector":"AGiwKS+IWdD1s+IAFAiLqA.37","action":"GetUpdates", "result":"DeleteReceived", "context":{"id":"5cb04ce3-7b88-46e7-bda3-3d1af9faf29e", "isDeleted:":"true", "version":"1734364209814"}}
{"logTime": "0111/172050", "correlationVector":"AGiwKS+IWdD1s+IAFAiLqA.38","action":"GetUpdates", "result":"DeleteReceived", "context":{"id":"2404ec5d-c724-4436-a588-eb43070b024b", "isDeleted:":"true", "version":"1734364209815"}}
{"logTime": "0111/172050", "correlationVector":"AGiwKS+IWdD1s+IAFAiLqA.39","action":"GetUpdates", "result":"DeleteReceived", "context":{"id":"cdd02f22-a45e-4c84-ab31-ebe786812b86", "isDeleted:":"true", "version":"1734366082963"}}
{"logTime": "0111/172050", "correlationVector":"AGiwKS+IWdD1s+IAFAiLqA.40","action":"GetUpdates", "result":"DeleteReceived", "context":{"id":"ea8dd0de-fe2e-45cd-95cf-a85de65170f7", "isDeleted:":"true", "version":"1734366287482"}}
{"logTime": "0111/172050", "correlationVector":"AGiwKS+IWdD1s+IAFAiLqA.41","action":"GetUpdates", "result":"DeleteReceived", "context":{"id":"6aa910cc-1e5f-4153-bf40-674c0f43c21d", "isDeleted:":"true", "version":"1734371579890"}}
{"logTime": "0111/172050", "correlationVector":"AGiwKS+IWdD1s+IAFAiLqA.42","action":"GetUpdates", "result":"DeleteReceived", "context":{"id":"a7318bcb-4fce-42eb-b1af-86eb89013e95", "isDeleted:":"true", "version":"1734371579891"}}
{"logTime": "0111/172050", "correlationVector":"AGiwKS+IWdD1s+IAFAiLqA.43","action":"GetUpdates", "result":"DeleteReceived", "context":{"id":"e83e8b76-bd46-4d1d-9126-ff403033483c", "isDeleted:":"true", "version":"1734371579893"}}
{"logTime": "0111/172050", "correlationVector":"AGiwKS+IWdD1s+IAFAiLqA.44","action":"GetUpdates", "result":"DeleteReceived", "context":{"id":"1b7268ec-1107-4df2-8558-643c6237b768", "isDeleted:":"true", "version":"1734371579894"}}
{"logTime": "0111/172050", "correlationVector":"AGiwKS+IWdD1s+IAFAiLqA.45","action":"GetUpdates", "result":"DeleteReceived", "context":{"id":"5685c97e-3999-4e5b-891f-b1248e75d547", "isDeleted:":"true", "version":"1734371579895"}}
{"logTime": "0111/172050", "correlationVector":"AGiwKS+IWdD1s+IAFAiLqA.46","action":"GetUpdates", "result":"DeleteReceived", "context":{"id":"8ccf2f62-dcaa-4a8a-8c90-e930cc0826fd", "isDeleted:":"true", "version":"1734377714809"}}
{"logTime": "0111/172050", "correlationVector":"AGiwKS+IWdD1s+IAFAiLqA.47","action":"GetUpdates", "result":"DeleteReceived", "context":{"id":"0c503030-8fce-4de9-9cfd-d2dd3adb4841", "isDeleted:":"true", "version":"1734378294753"}}
{"logTime": "0111/172050", "correlationVector":"AGiwKS+IWdD1s+IAFAiLqA.48","action":"GetUpdates", "result":"DeleteReceived", "context":{"id":"61f67c72-0530-42de-a53c-81d52eb1e97f", "isDeleted:":"true", "version":"1734384509078"}}
{"logTime": "0111/172050", "correlationVector":"AGiwKS+IWdD1s+IAFAiLqA.49","action":"GetUpdates", "result":"DeleteReceived", "context":{"id":"0f40c740-5600-49f3-8e63-3da04dba3e95", "isDeleted:":"true", "version":"1734384509080"}}
{"logTime": "0111/172050", "correlationVector":"AGiwKS+IWdD1s+IAFAiLqA.50","action":"GetUpdates", "result":"DeleteReceived", "context":{"id":"aa08b6f3-a448-418b-ba34-2b6df3e51291", "isDeleted:":"true", "version":"1734406321536"}}
{"logTime": "0111/172050", "correlationVector":"AGiwKS+IWdD1s+IAFAiLqA.51","action":"GetUpdates", "result":"DeleteReceived", "context":{"id":"d4afacd9-5819-4a86-9548-ca1f5d69e1fe", "isDeleted:":"true", "version":"1734406321537"}}
{"logTime": "0111/172050", "correlationVector":"AGiwKS+IWdD1s+IAFAiLqA.52","action":"GetUpdates", "result":"DeleteReceived", "context":{"id":"ba361027-a354-4197-b90d-5c0e3daa4212", "isDeleted:":"true", "version":"1734406321541"}}
{"logTime": "0111/172050", "correlationVector":"AGiwKS+IWdD1s+IAFAiLqA.53","action":"GetUpdates", "result":"DeleteReceived", "context":{"id":"d0d9d59c-097e-498c-8fe4-acd505003de8", "isDeleted:":"true", "version":"1734406321544"}}
{"logTime": "0111/172050", "correlationVector":"AGiwKS+IWdD1s+IAFAiLqA.54","action":"GetUpdates", "result":"DeleteReceived", "context":{"id":"366deb2c-8a8f-4bb6-8c41-ea9587bae4c5", "isDeleted:":"true", "version":"1734410306421"}}
{"logTime": "0111/172050", "correlationVector":"AGiwKS+IWdD1s+IAFAiLqA.55","action":"GetUpdates", "result":"DeleteReceived", "context":{"id":"bb86f334-ffda-420e-a283-2952863c6f24", "isDeleted:":"true", "version":"1734410306426"}}
{"logTime": "0111/172050", "correlationVector":"AGiwKS+IWdD1s+IAFAiLqA.56","action":"GetUpdates", "result":"DeleteReceived", "context":{"id":"f771b3e5-b7e5-4b1d-939d-05f496a2301d", "isDeleted:":"true", "version":"1734448081560"}}
{"logTime": "0111/172050", "correlationVector":"AGiwKS+IWdD1s+IAFAiLqA.57","action":"GetUpdates", "result":"DeleteReceived", "context":{"id":"7247e2db-41a0-4e85-ad6c-f48dfaf76445", "isDeleted:":"true", "version":"1734448081561"}}
{"logTime": "0111/172050", "correlationVector":"AGiwKS+IWdD1s+IAFAiLqA.58","action":"GetUpdates", "result":"DeleteReceived", "context":{"id":"5b9e7e51-9d0e-4b70-93a6-5cba805b3b03", "isDeleted:":"true", "version":"1734448081563"}}
{"logTime": "0111/172050", "correlationVector":"AGiwKS+IWdD1s+IAFAiLqA.59","action":"GetUpdates", "result":"DeleteReceived", "context":{"id":"180f6e32-cb76-4a5f-9358-c86c6f7a9617", "isDeleted:":"true", "version":"1734448081564"}}
{"logTime": "0111/172050", "correlationVector":"AGiwKS+IWdD1s+IAFAiLqA.60","action":"GetUpdates", "result":"DeleteReceived", "context":{"id":"e3c5cf14-42a1-4b60-9eb6-301a815d6381", "isDeleted:":"true", "version":"1734452303292"}}
{"logTime": "0111/172050", "correlationVector":"AGiwKS+IWdD1s+IAFAiLqA.61","action":"GetUpdates", "result":"DeleteReceived", "context":{"id":"f4dc3c25-a655-46a3-8050-fc40c2c5a68f", "isDeleted:":"true", "version":"1734452303294"}}
{"logTime": "0111/172050", "correlationVector":"AGiwKS+IWdD1s+IAFAiLqA.62","action":"GetUpdates", "result":"DeleteReceived", "context":{"id":"a440efae-2d71-4689-809e-26c0c99338c4", "isDeleted:":"true", "version":"1734460612224"}}
{"logTime": "0111/172050", "correlationVector":"AGiwKS+IWdD1s+IAFAiLqA.63","action":"GetUpdates", "result":"DeleteReceived", "context":{"id":"5780ca4c-bac1-4d43-8d36-5e8f995b1e2d", "isDeleted:":"true", "version":"1734460612226"}}
{"logTime": "0111/172050", "correlationVector":"AGiwKS+IWdD1s+IAFAiLqA.64","action":"GetUpdates", "result":"DeleteReceived", "context":{"id":"08412eb9-59b3-464b-86f5-3b39a59bb7a2", "isDeleted:":"true", "version":"1734460612227"}}
{"logTime": "0111/172050", "correlationVector":"AGiwKS+IWdD1s+IAFAiLqA.65","action":"GetUpdates", "result":"DeleteReceived", "context":{"id":"716b9911-e146-487d-be07-e2d513220e8f", "isDeleted:":"true", "version":"1734460612229"}}
{"logTime": "0111/172050", "correlationVector":"AGiwKS+IWdD1s+IAFAiLqA.66","action":"GetUpdates", "result":"DeleteReceived", "context":{"id":"ad56a9ca-7cca-4db8-9e0c-b1c82acca743", "isDeleted:":"true", "version":"1734465176308"}}
{"logTime": "0111/172050", "correlationVector":"AGiwKS+IWdD1s+IAFAiLqA.67","action":"GetUpdates", "result":"DeleteReceived", "context":{"id":"c5999876-0895-47d4-8dd3-64bbba426de2", "isDeleted:":"true", "version":"1734475415259"}}
{"logTime": "0111/172050", "correlationVector":"AGiwKS+IWdD1s+IAFAiLqA.68","action":"GetUpdates", "result":"DeleteReceived", "context":{"id":"805bbe78-8ed9-456a-a14f-168aed539286", "isDeleted:":"true", "version":"1734495677274"}}
{"logTime": "0111/172050", "correlationVector":"AGiwKS+IWdD1s+IAFAiLqA.69","action":"GetUpdates", "result":"DeleteReceived", "context":{"id":"a0b4689f-4817-4a58-9295-51087805af09", "isDeleted:":"true", "version":"1734495677276"}}
{"logTime": "0111/172050", "correlationVector":"AGiwKS+IWdD1s+IAFAiLqA.70","action":"GetUpdates", "result":"DeleteReceived", "context":{"id":"fbd7da53-f96b-4a8d-841d-362c2b04eac4", "isDeleted:":"true", "version":"1734495677277"}}
{"logTime": "0111/172050", "correlationVector":"AGiwKS+IWdD1s+IAFAiLqA.71","action":"GetUpdates", "result":"DeleteReceived", "context":{"id":"401256d7-a8b0-47b3-90e4-ace7a617905f", "isDeleted:":"true", "version":"1734495677278"}}
{"logTime": "0111/172050", "correlationVector":"AGiwKS+IWdD1s+IAFAiLqA.72","action":"GetUpdates", "result":"DeleteReceived", "context":{"id":"410dbecb-3a81-47ed-9061-58352a0f88b0", "isDeleted:":"true", "version":"1734654330337"}}
{"logTime": "0111/172050", "correlationVector":"AGiwKS+IWdD1s+IAFAiLqA.73","action":"GetUpdates", "result":"DeleteReceived", "context":{"id":"4ae84e9e-8e75-49b5-a59f-ec2c9620f1fe", "isDeleted:":"true", "version":"1734654660609"}}
{"logTime": "0111/172050", "correlationVector":"AGiwKS+IWdD1s+IAFAiLqA.74","action":"GetUpdates", "result":"DeleteReceived", "context":{"id":"183c1eb8-c436-44c4-ae71-50716c978296", "isDeleted:":"true", "version":"1734654767029"}}
{"logTime": "0111/172050", "correlationVector":"AGiwKS+IWdD1s+IAFAiLqA.75","action":"GetUpdates", "result":"DeleteReceived", "context":{"id":"52af47fe-4fae-48f0-8df1-a5743325b905", "isDeleted:":"true", "version":"1734659384215"}}
{"logTime": "0111/172050", "correlationVector":"AGiwKS+IWdD1s+IAFAiLqA.76","action":"GetUpdates", "result":"DeleteReceived", "context":{"id":"19733ff2-233e-4bd2-9268-dd30bac46c52", "isDeleted:":"true", "version":"1734659384216"}}
{"logTime": "0111/172050", "correlationVector":"AGiwKS+IWdD1s+IAFAiLqA.77","action":"GetUpdates", "result":"DeleteReceived", "context":{"id":"bd8f0c02-c0c8-43e3-a15a-1a5631ee99e5", "isDeleted:":"true", "version":"1734659384218"}}
{"logTime": "0111/172050", "correlationVector":"AGiwKS+IWdD1s+IAFAiLqA.78","action":"GetUpdates", "result":"DeleteReceived", "context":{"id":"e7419d92-7296-485b-beed-d726f13e4773", "isDeleted:":"true", "version":"1734659597715"}}
{"logTime": "0111/172050", "correlationVector":"AGiwKS+IWdD1s+IAFAiLqA.79","action":"GetUpdates", "result":"DeleteReceived", "context":{"id":"1204a4d8-7835-4c96-8c24-41d3602e19ce", "isDeleted:":"true", "version":"1734659684482"}}
{"logTime": "0111/172050", "correlationVector":"AGiwKS+IWdD1s+IAFAiLqA.80","action":"GetUpdates", "result":"DeleteReceived", "context":{"id":"d58a97cf-3ad4-479f-a0b4-bfac6b0038f9", "isDeleted:":"true", "version":"1734714042628"}}
{"logTime": "0111/172050", "correlationVector":"AGiwKS+IWdD1s+IAFAiLqA.81","action":"GetUpdates", "result":"DeleteReceived", "context":{"id":"19e73ff2-b227-44af-b771-8502aa461f18", "isDeleted:":"true", "version":"1734714042630"}}
{"logTime": "0111/172050", "correlationVector":"AGiwKS+IWdD1s+IAFAiLqA.82","action":"GetUpdates", "result":"DeleteReceived", "context":{"id":"ae3663da-bdf2-400d-8297-51cf6169877b", "isDeleted:":"true", "version":"1734714042631"}}
{"logTime": "0111/172050", "correlationVector":"AGiwKS+IWdD1s+IAFAiLqA.83","action":"GetUpdates", "result":"DeleteReceived", "context":{"id":"eccd13ec-98ca-4955-b182-3304d7756d6f", "isDeleted:":"true", "version":"1734714042632"}}
{"logTime": "0111/172050", "correlationVector":"AGiwKS+IWdD1s+IAFAiLqA.84","action":"GetUpdates", "result":"DeleteReceived", "context":{"id":"e2636d53-5e7b-436c-9c29-5831d6ecbd68", "isDeleted:":"true", "version":"1734718060414"}}
{"logTime": "0111/172050", "correlationVector":"AGiwKS+IWdD1s+IAFAiLqA.85","action":"GetUpdates", "result":"DeleteReceived", "context":{"id":"ac9f5afb-f17a-4d8f-acb2-4f11659c61b9", "isDeleted:":"true", "version":"1734718750523"}}
{"logTime": "0111/172050", "correlationVector":"AGiwKS+IWdD1s+IAFAiLqA.86","action":"GetUpdates", "result":"DeleteReceived", "context":{"id":"b8ab9a38-15df-4d4b-8199-e070418d0d34", "isDeleted:":"true", "version":"1734721206204"}}
{"logTime": "0111/172050", "correlationVector":"AGiwKS+IWdD1s+IAFAiLqA.87","action":"GetUpdates", "result":"DeleteReceived", "context":{"id":"937f5b20-09d3-430c-85ae-c3c3af797b56", "isDeleted:":"true", "version":"1734730406866"}}
{"logTime": "0111/172050", "correlationVector":"AGiwKS+IWdD1s+IAFAiLqA.88","action":"GetUpdates", "result":"DeleteReceived", "context":{"id":"6fc1f482-6963-4c7e-85c9-d5f36b60bc6a", "isDeleted:":"true", "version":"1734730406867"}}
{"logTime": "0111/172050", "correlationVector":"AGiwKS+IWdD1s+IAFAiLqA.89","action":"GetUpdates", "result":"DeleteReceived", "context":{"id":"c1b08ff0-9137-45ff-9408-62e582d536ab", "isDeleted:":"true", "version":"1734730406868"}}
{"logTime": "0111/172050", "correlationVector":"AGiwKS+IWdD1s+IAFAiLqA.90","action":"GetUpdates", "result":"DeleteReceived", "context":{"id":"4336a831-dcd8-4201-ad00-4e246b471192", "isDeleted:":"true", "version":"1734730406870"}}
{"logTime": "0111/172050", "correlationVector":"AGiwKS+IWdD1s+IAFAiLqA.91","action":"GetUpdates", "result":"DeleteReceived", "context":{"id":"44bd6235-3149-4299-8a44-7d32f3a93426", "isDeleted:":"true", "version":"1734730406871"}}
{"logTime": "0111/172050", "correlationVector":"AGiwKS+IWdD1s+IAFAiLqA.92","action":"GetUpdates", "result":"DeleteReceived", "context":{"id":"37b043f0-bbdd-4256-b503-472bdb6471a5", "isDeleted:":"true", "version":"1734730406872"}}
{"logTime": "0111/172050", "correlationVector":"AGiwKS+IWdD1s+IAFAiLqA.93","action":"GetUpdates", "result":"DeleteReceived", "context":{"id":"96426850-eb18-4ea6-a54c-2cb1d6cfb054", "isDeleted:":"true", "version":"1734730406874"}}
{"logTime": "0111/172050", "correlationVector":"AGiwKS+IWdD1s+IAFAiLqA.94","action":"GetUpdates", "result":"DeleteReceived", "context":{"id":"d4f35625-412a-4a96-ae93-1eaa50a67008", "isDeleted:":"true", "version":"1734738924922"}}
{"logTime": "0111/172050", "correlationVector":"AGiwKS+IWdD1s+IAFAiLqA.95","action":"GetUpdates", "result":"DeleteReceived", "context":{"id":"bf038226-005e-45ea-945a-6b5d98ae5519", "isDeleted:":"true", "version":"1734738924924"}}
{"logTime": "0111/172050", "correlationVector":"AGiwKS+IWdD1s+IAFAiLqA.96","action":"GetUpdates", "result":"DeleteReceived", "context":{"id":"6f609d33-8355-48c3-b0bb-32d0bfce200a", "isDeleted:":"true", "version":"1734738924925"}}
{"logTime": "0111/172050", "correlationVector":"AGiwKS+IWdD1s+IAFAiLqA.97","action":"GetUpdates", "result":"DeleteReceived", "context":{"id":"42d3f67e-ae9d-4d56-a213-f897d67f98b5", "isDeleted:":"true", "version":"1734803799573"}}
{"logTime": "0111/172050", "correlationVector":"AGiwKS+IWdD1s+IAFAiLqA.98","action":"GetUpdates", "result":"DeleteReceived", "context":{"id":"210afd50-100e-457e-a777-f5325b0431f4", "isDeleted:":"true", "version":"1734803799575"}}
{"logTime": "0111/172050", "correlationVector":"AGiwKS+IWdD1s+IAFAiLqA.99","action":"GetUpdates", "result":"DeleteReceived", "context":{"id":"8523e892-1260-49fd-a86f-25852c0c9b7f", "isDeleted:":"true", "version":"1734803799576"}}
{"logTime": "0111/172050", "correlationVector":"AGiwKS+IWdD1s+IAFAiLqA.100","action":"GetUpdates", "result":"DeleteReceived", "context":{"id":"230d86b2-55fc-4d83-b5fd-00698fe3ae87", "isDeleted:":"true", "version":"1734805259440"}}
{"logTime": "0111/172050", "correlationVector":"AGiwKS+IWdD1s+IAFAiLqA.101","action":"GetUpdates", "result":"DeleteReceived", "context":{"id":"ddb95eeb-f972-46ac-a9ed-233b478bb373", "isDeleted:":"true", "version":"1734808096204"}}
{"logTime": "0111/172050", "correlationVector":"AGiwKS+IWdD1s+IAFAiLqA.102","action":"GetUpdates", "result":"DeleteReceived", "context":{"id":"56554754-d186-46ed-8f40-76c351056f87", "isDeleted:":"true", "version":"1734808096205"}}
{"logTime": "0111/172050", "correlationVector":"AGiwKS+IWdD1s+IAFAiLqA.103","action":"GetUpdates", "result":"DeleteReceived", "context":{"id":"22b7ecfd-3e44-4d7c-98a0-ae1f6ee28237", "isDeleted:":"true", "version":"1734809304807"}}
{"logTime": "0111/172050", "correlationVector":"AGiwKS+IWdD1s+IAFAiLqA.104","action":"GetUpdates", "result":"DeleteReceived", "context":{"id":"eb41718f-420d-4ede-9892-c7fa4437c619", "isDeleted:":"true", "version":"1735594659689"}}
{"logTime": "0111/172050", "correlationVector":"AGiwKS+IWdD1s+IAFAiLqA.105","action":"GetUpdates", "result":"DeleteReceived", "context":{"id":"01415361-9501-4df7-b461-b4c6a67e7dd7", "isDeleted:":"true", "version":"1735594659691"}}
{"logTime": "0111/172050", "correlationVector":"AGiwKS+IWdD1s+IAFAiLqA.106","action":"GetUpdates", "result":"DeleteReceived", "context":{"id":"c8713578-2a9c-4d38-a0fd-eb7d66033798", "isDeleted:":"true", "version":"1735594659692"}}
{"logTime": "0111/172050", "correlationVector":"AGiwKS+IWdD1s+IAFAiLqA.107","action":"GetUpdates", "result":"DeleteReceived", "context":{"id":"aaed0290-4bb9-48a9-ba79-3c4e807edb88", "isDeleted:":"true", "version":"1735595046351"}}
{"logTime": "0111/172050", "correlationVector":"AGiwKS+IWdD1s+IAFAiLqA.108","action":"GetUpdates", "result":"DeleteReceived", "context":{"id":"acdb9141-3a1f-4785-8dbe-73aa497dbef7", "isDeleted:":"true", "version":"1735596080304"}}
{"logTime": "0111/172050", "correlationVector":"AGiwKS+IWdD1s+IAFAiLqA.109","action":"GetUpdates", "result":"DeleteReceived", "context":{"id":"d346c197-e190-4725-9a32-6b4f12f64381", "isDeleted:":"true", "version":"1735611066082"}}
{"logTime": "0111/172050", "correlationVector":"AGiwKS+IWdD1s+IAFAiLqA.110","action":"GetUpdates", "result":"DeleteReceived", "context":{"id":"7a236208-3bed-49a0-95dd-9372165cb1f7", "isDeleted:":"true", "version":"1735665278969"}}
{"logTime": "0111/172050", "correlationVector":"AGiwKS+IWdD1s+IAFAiLqA.111","action":"GetUpdates", "result":"DeleteReceived", "context":{"id":"e5d9f7c8-ec9c-4907-9961-4dad208388a9", "isDeleted:":"true", "version":"1735665842768"}}
{"logTime": "0111/172050", "correlationVector":"AGiwKS+IWdD1s+IAFAiLqA.112","action":"GetUpdates", "result":"DeleteReceived", "context":{"id":"9607bb5a-768c-4ca3-a4a2-421abc1521f1", "isDeleted:":"true", "version":"1735665934995"}}
{"logTime": "0111/172050", "correlationVector":"AGiwKS+IWdD1s+IAFAiLqA.113","action":"GetUpdates", "result":"DeleteReceived", "context":{"id":"1e5ac0b8-85ba-41fe-b51c-7bcc0b9a4282", "isDeleted:":"true", "version":"1735665934997"}}
{"logTime": "0111/172050", "correlationVector":"AGiwKS+IWdD1s+IAFAiLqA.114","action":"GetUpdates", "result":"DeleteReceived", "context":{"id":"c36fbf9d-044f-4551-bf9f-f5b550c1fd5c", "isDeleted:":"true", "version":"1735665934998"}}
{"logTime": "0111/172050", "correlationVector":"AGiwKS+IWdD1s+IAFAiLqA.115","action":"GetUpdates", "result":"DeleteReceived", "context":{"id":"c0916e4d-b91c-4ece-8d95-64a8cfe4b2e1", "isDeleted:":"true", "version":"1735667127182"}}
{"logTime": "0111/172050", "correlationVector":"AGiwKS+IWdD1s+IAFAiLqA.116","action":"GetUpdates", "result":"DeleteReceived", "context":{"id":"2cadca66-594e-4526-b185-569347ce3eab", "isDeleted:":"true", "version":"1735667127183"}}
{"logTime": "0111/172050", "correlationVector":"AGiwKS+IWdD1s+IAFAiLqA.117","action":"GetUpdates", "result":"DeleteReceived", "context":{"id":"e6518cd0-58a4-4bef-b28d-2c22557c8c97", "isDeleted:":"true", "version":"1735771860482"}}
{"logTime": "0111/172050", "correlationVector":"AGiwKS+IWdD1s+IAFAiLqA.118","action":"GetUpdates", "result":"DeleteReceived", "context":{"id":"d565c8ff-5df7-4709-9bcd-600edd1230fc", "isDeleted:":"true", "version":"1735771860484"}}
{"logTime": "0111/172050", "correlationVector":"AGiwKS+IWdD1s+IAFAiLqA.119","action":"GetUpdates", "result":"DeleteReceived", "context":{"id":"25b9b83c-8a73-449e-b332-fdbccaf5b3e0", "isDeleted:":"true", "version":"1735778883648"}}
{"logTime": "0111/172050", "correlationVector":"AGiwKS+IWdD1s+IAFAiLqA.120","action":"GetUpdates", "result":"DeleteReceived", "context":{"id":"76ecbb11-72a3-44cc-a1ed-419f1f531bd5", "isDeleted:":"true", "version":"1735779048507"}}
{"logTime": "0111/172050", "correlationVector":"AGiwKS+IWdD1s+IAFAiLqA.121","action":"GetUpdates", "result":"DeleteReceived", "context":{"id":"aa6ea32a-0b76-4567-a34e-b883970a848f", "isDeleted:":"true", "version":"1735783265824"}}
{"logTime": "0111/172050", "correlationVector":"AGiwKS+IWdD1s+IAFAiLqA.122","action":"GetUpdates", "result":"DeleteReceived", "context":{"id":"1dfb4485-73d6-40c7-bf18-3bef26d7d203", "isDeleted:":"true", "version":"1735785425049"}}
{"logTime": "0111/172050", "correlationVector":"AGiwKS+IWdD1s+IAFAiLqA.123","action":"GetUpdates", "result":"DeleteReceived", "context":{"id":"3f7c4a86-cdfc-445c-ac02-644676da7933", "isDeleted:":"true", "version":"1735790924194"}}
{"logTime": "0111/172050", "correlationVector":"AGiwKS+IWdD1s+IAFAiLqA.124","action":"GetUpdates", "result":"DeleteReceived", "context":{"id":"5233fb0b-ae09-4845-b7cd-563d88c87152", "isDeleted:":"true", "version":"1735841765685"}}
{"logTime": "0111/172050", "correlationVector":"AGiwKS+IWdD1s+IAFAiLqA.125","action":"GetUpdates", "result":"DeleteReceived", "context":{"id":"d47319fc-b1b6-40b1-942b-a352b8e4e242", "isDeleted:":"true", "version":"1735841765687"}}
{"logTime": "0111/172050", "correlationVector":"AGiwKS+IWdD1s+IAFAiLqA.126","action":"GetUpdates", "result":"DeleteReceived", "context":{"id":"8f7eefa4-2e0a-4bb5-aa36-aea25b97a8c6", "isDeleted:":"true", "version":"1735841765688"}}
{"logTime": "0111/172050", "correlationVector":"AGiwKS+IWdD1s+IAFAiLqA.127","action":"GetUpdates", "result":"DeleteReceived", "context":{"id":"5452cab9-155c-466b-8820-db4009785b35", "isDeleted:":"true", "version":"1735841765689"}}
{"logTime": "0111/172050", "correlationVector":"AGiwKS+IWdD1s+IAFAiLqA.128","action":"GetUpdates", "result":"DeleteReceived", "context":{"id":"07e86648-3897-4d3b-95cb-2f802c459e86", "isDeleted:":"true", "version":"1735845452305"}}
{"logTime": "0111/172050", "correlationVector":"AGiwKS+IWdD1s+IAFAiLqA.129","action":"GetUpdates", "result":"DeleteReceived", "context":{"id":"36a4228c-ecdb-4532-bb2f-06228c9bf7a9", "isDeleted:":"true", "version":"1735850170686"}}
{"logTime": "0111/172050", "correlationVector":"AGiwKS+IWdD1s+IAFAiLqA.130","action":"GetUpdates", "result":"DeleteReceived", "context":{"id":"8abb2dc9-8a24-4f4e-86bd-12d8a09f451f", "isDeleted:":"true", "version":"1735850713470"}}
{"logTime": "0111/172050", "correlationVector":"AGiwKS+IWdD1s+IAFAiLqA.131","action":"GetUpdates", "result":"DeleteReceived", "context":{"id":"5f76471c-76ce-4b46-897e-5508c2adddd9", "isDeleted:":"true", "version":"1735850713471"}}
{"logTime": "0111/172050", "correlationVector":"AGiwKS+IWdD1s+IAFAiLqA.132","action":"GetUpdates", "result":"DeleteReceived", "context":{"id":"8eb64a66-87d1-4009-96be-3da5a06b2e22", "isDeleted:":"true", "version":"1735850713472"}}
{"logTime": "0111/172050", "correlationVector":"AGiwKS+IWdD1s+IAFAiLqA.133","action":"GetUpdates", "result":"DeleteReceived", "context":{"id":"8d57bef8-f58d-427f-8957-95b75385e9ed", "isDeleted:":"true", "version":"1735850713473"}}
{"logTime": "0111/172050", "correlationVector":"AGiwKS+IWdD1s+IAFAiLqA.134","action":"GetUpdates", "result":"DeleteReceived", "context":{"id":"19bb6ab7-a691-4470-9e2d-297cf6d02fd9", "isDeleted:":"true", "version":"1736027807575"}}
{"logTime": "0111/172050", "correlationVector":"AGiwKS+IWdD1s+IAFAiLqA.135","action":"GetUpdates", "result":"DeleteReceived", "context":{"id":"c62fb268-05a4-4465-8c23-c9ee7e2accb3", "isDeleted:":"true", "version":"1736095220322"}}
{"logTime": "0111/172050", "correlationVector":"AGiwKS+IWdD1s+IAFAiLqA.136","action":"GetUpdates", "result":"DeleteReceived", "context":{"id":"02dace6a-ccfb-4d3b-a53f-19af204aeae9", "isDeleted:":"true", "version":"1736096915674"}}
{"logTime": "0111/172050", "correlationVector":"AGiwKS+IWdD1s+IAFAiLqA.137","action":"GetUpdates", "result":"DeleteReceived", "context":{"id":"732c7bff-74cd-42ba-bf9e-c16e98086a22", "isDeleted:":"true", "version":"1736096915676"}}
{"logTime": "0111/172050", "correlationVector":"AGiwKS+IWdD1s+IAFAiLqA.138","action":"GetUpdates", "result":"DeleteReceived", "context":{"id":"fb5e158f-86aa-4979-929d-15f0831ced29", "isDeleted:":"true", "version":"1736119075292"}}
{"logTime": "0111/172050", "correlationVector":"AGiwKS+IWdD1s+IAFAiLqA.139","action":"GetUpdates", "result":"DeleteReceived", "context":{"id":"5830677c-9f15-4253-a149-091a4863a83e", "isDeleted:":"true", "version":"1736120431573"}}
{"logTime": "0111/172050", "correlationVector":"AGiwKS+IWdD1s+IAFAiLqA.140","action":"GetUpdates", "result":"DeleteReceived", "context":{"id":"bcd47a43-a09a-4bae-8d3b-979c11b9fe7a", "isDeleted:":"true", "version":"1736206862251"}}
{"logTime": "0111/172050", "correlationVector":"AGiwKS+IWdD1s+IAFAiLqA.141","action":"GetUpdates", "result":"DeleteReceived", "context":{"id":"5a739dfe-90f6-43e3-a506-f29134955696", "isDeleted:":"true", "version":"1736364166665"}}
{"logTime": "0111/172050", "correlationVector":"AGiwKS+IWdD1s+IAFAiLqA.142","action":"GetUpdates", "result":"DeleteReceived", "context":{"id":"73ab3bd0-70d2-4ec0-b11d-ef918db95a93", "isDeleted:":"true", "version":"1736364166666"}}
{"logTime": "0111/172050", "correlationVector":"AGiwKS+IWdD1s+IAFAiLqA.143","action":"GetUpdates", "result":"DeleteReceived", "context":{"id":"f8f04e33-4024-4afd-80b2-246d720d88c3", "isDeleted:":"true", "version":"1736364166668"}}
{"logTime": "0111/172050", "correlationVector":"AGiwKS+IWdD1s+IAFAiLqA.144","action":"GetUpdates", "result":"DeleteReceived", "context":{"id":"39dae0b7-5730-41d0-935b-3280e35148a9", "isDeleted:":"true", "version":"1736364166669"}}
{"logTime": "0111/172050", "correlationVector":"AGiwKS+IWdD1s+IAFAiLqA.145","action":"GetUpdates", "result":"DeleteReceived", "context":{"id":"847a48fd-52c3-4906-bfcf-f326189625f0", "isDeleted:":"true", "version":"1736364166671"}}
{"logTime": "0111/172050", "correlationVector":"AGiwKS+IWdD1s+IAFAiLqA.146","action":"GetUpdates", "result":"DeleteReceived", "context":{"id":"95ee9b81-8c93-442c-8423-6314255d7cf0", "isDeleted:":"true", "version":"1736519870270"}}
{"logTime": "0111/172050", "correlationVector":"AGiwKS+IWdD1s+IAFAiLqA.147","action":"GetUpdates", "result":"DeleteReceived", "context":{"id":"f2b3772d-069a-4a9d-8fd8-17e2b46c0524", "isDeleted:":"true", "version":"1736520077793"}}
{"logTime": "0111/172050", "correlationVector":"AGiwKS+IWdD1s+IAFAiLqA.148","action":"GetUpdates", "result":"DeleteReceived", "context":{"id":"b2851909-0bec-4392-ba62-11400ee70626", "isDeleted:":"true", "version":"1736531455304"}}
{"logTime": "0111/172050", "correlationVector":"AGiwKS+IWdD1s+IAFAiLqA.149","action":"GetUpdates", "result":"DeleteReceived", "context":{"id":"adeec251-df59-42e2-84b1-96522a5e9f30", "isDeleted:":"true", "version":"1736531455305"}}
{"logTime": "0111/172050", "correlationVector":"AGiwKS+IWdD1s+IAFAiLqA.150","action":"GetUpdates", "result":"DeleteReceived", "context":{"id":"50e58e70-80e0-491c-a8c7-882dba0fc485", "isDeleted:":"true", "version":"1736531455307"}}
{"logTime": "0111/172050", "correlationVector":"AGiwKS+IWdD1s+IAFAiLqA.151","action":"GetUpdates", "result":"DeleteReceived", "context":{"id":"d4983f79-4fce-4ec9-a063-4f46dabac606", "isDeleted:":"true", "version":"1736531455308"}}
{"logTime": "0111/172050", "correlationVector":"AGiwKS+IWdD1s+IAFAiLqA.152","action":"GetUpdates", "result":"DeleteReceived", "context":{"id":"d61939d9-bc2d-4506-8b9b-a301ffad0b0a", "isDeleted:":"true", "version":"1736531455309"}}
{"logTime": "0111/172050", "correlationVector":"AGiwKS+IWdD1s+IAFAiLqA.153","action":"GetUpdates", "result":"DeleteReceived", "context":{"id":"d118d4e5-d56c-4f12-bbd2-b420043702c4", "isDeleted:":"true", "version":"1736531455310"}}
{"logTime": "0111/172050", "correlationVector":"AGiwKS+IWdD1s+IAFAiLqA.154","action":"GetUpdates", "result":"DeleteReceived", "context":{"id":"e9b10dea-be12-4a05-8a92-d4ee1bae7dff", "isDeleted:":"true", "version":"1736532696545"}}
{"logTime": "0111/172050", "correlationVector":"AGiwKS+IWdD1s+IAFAiLqA.155","action":"GetUpdates", "result":"DeleteReceived", "context":{"id":"49617cae-3668-4eac-bef6-ec52a12f71c9", "isDeleted:":"true", "version":"1736532696546"}}
{"logTime": "0111/172050", "correlationVector":"AGiwKS+IWdD1s+IAFAiLqA.156","action":"GetUpdates", "result":"DeleteReceived", "context":{"id":"0d21d7bf-20a3-4632-ae88-63ec4d73a2b3", "isDeleted:":"true", "version":"1736532696547"}}
{"logTime": "0111/172050", "correlationVector":"AGiwKS+IWdD1s+IAFAiLqA.157","action":"GetUpdates", "result":"DeleteReceived", "context":{"id":"fa421966-b228-4ecc-8883-562629d1390d", "isDeleted:":"true", "version":"1736532696548"}}
{"logTime": "0111/172050", "correlationVector":"AGiwKS+IWdD1s+IAFAiLqA.158","action":"GetUpdates", "result":"DeleteReceived", "context":{"id":"5c179685-1ff0-454e-907b-e8959e3619c4", "isDeleted:":"true", "version":"1735594672483"}}
{"logTime": "0111/172050", "correlationVector":"AGiwKS+IWdD1s+IAFAiLqA.159","action":"GetUpdates", "result":"DeleteReceived", "context":{"id":"0404866c-dee9-4c66-9c1c-3c2b9be8f000", "isDeleted:":"true", "version":"1736206513529"}}
{"logTime": "0111/172050", "correlationVector":"AGiwKS+IWdD1s+IAFAiLqA.160","action":"GetUpdates Response", "result":"Success", "context":Received 203 update(s). cV=AGiwKS+IWdD1s+IAFAiLqA.0;server=akswtt00300000b;cloudType=Consumer;environment=Prod_canadacentral_prod-s01-021-nam-canadacentral;migrationStage=NotStarted}
{"logTime": "0111/172050", "correlationVector":"8VsYsdVlWxXRxSbX05K2Lt","action":"Normal GetUpdate request", "result":"", "context":cV=8VsYsdVlWxXRxSbX05K2Lt
Nudged types: Bookmarks, Sessions, Device Info, User Consents
Refresh requested types: Bookmarks, Preferences, Passwords, Autofill Profiles, Autofill, Typed URLs, Extensions, Sessions, Extension settings, History Delete Directives, Device Info, User Consents, Send Tab To Self, Web Apps, Collection, Edge E Drop, Edge Hub App Usage, Edge Tab Group, Edge Wallet, Encryption Keys}
{"logTime": "0111/172050", "correlationVector":"8VsYsdVlWxXRxSbX05K2Lt.1","action":"SyncServerConnectionManagerRequest", "result":"SYNC_SERVER_OK", "context":{"environment":"Prod_canadacentral_prod-s01-021-nam-canadacentral", "migrationStage":"NotStarted", "server":"akswtt00300001j"}}
{"logTime": "0111/172050", "correlationVector":"8VsYsdVlWxXRxSbX05K2Lt.2","action":"GetUpdates Response", "result":"Success", "context":Received 0 update(s). cV=8VsYsdVlWxXRxSbX05K2Lt.0;server=akswtt00300001j;cloudType=Consumer;environment=Prod_canadacentral_prod-s01-021-nam-canadacentral;migrationStage=NotStarted}
{"logTime": "0111/172051", "correlationVector":"K9POkubxpaahUZeFuWRfEu","action":"Commit Request", "result":"", "context":Item count: 21
Contributing types: Bookmarks, Typed URLs, Sessions, Device Info, User Consents}
{"logTime": "0111/172052", "correlationVector":"K9POkubxpaahUZeFuWRfEu.1","action":"SyncServerConnectionManagerRequest", "result":"SYNC_SERVER_OK", "context":{"environment":"Prod_canadacentral_prod-s01-021-nam-canadacentral", "migrationStage":"NotStarted", "server":"akswtt003000017"}}
{"logTime": "0111/172052", "correlationVector":"K9POkubxpaahUZeFuWRfEu.2","action":"Commit Response", "result":"Success", "context":Result: Success. cV=K9POkubxpaahUZeFuWRfEu.0;server=akswtt003000017;cloudType=Consumer;environment=Prod_canadacentral_prod-s01-021-nam-canadacentral;migrationStage=NotStarted}
{"logTime": "0111/172055", "correlationVector":"CzRjQU4RQFxvBRTZhc0e7h","action":"Commit Request", "result":"", "context":Item count: 21
Contributing types: Preferences, Passwords, Sessions}
{"logTime": "0111/172056", "correlationVector":"CzRjQU4RQFxvBRTZhc0e7h.1","action":"SyncServerConnectionManagerRequest", "result":"SYNC_SERVER_OK", "context":{"environment":"Prod_canadacentral_prod-s01-021-nam-canadacentral", "migrationStage":"NotStarted", "server":"akswtt003000017"}}
{"logTime": "0111/172056", "correlationVector":"CzRjQU4RQFxvBRTZhc0e7h.2","action":"Commit Response", "result":"Success", "context":Result: Success. cV=CzRjQU4RQFxvBRTZhc0e7h.0;server=akswtt003000017;cloudType=Consumer;environment=Prod_canadacentral_prod-s01-021-nam-canadacentral;migrationStage=NotStarted}
